[2023-06-18 01:07:17.560] [jointLog] [info] setting maxHashResizeThreads to 8
[2023-06-18 01:07:17.560] [jointLog] [info] Fragment incompatibility prior below threshold.  Incompatible fragments will be ignored.
[2023-06-18 01:07:17.560] [jointLog] [info] Usage of --validateMappings implies use of minScoreFraction. Since not explicitly specified, it is being set to 0.65
[2023-06-18 01:07:17.560] [jointLog] [info] Setting consensusSlack to selective-alignment default of 0.35.
[2023-06-18 01:07:17.560] [jointLog] [info] parsing read library format
[2023-06-18 01:07:17.560] [jointLog] [info] There is 1 library.
[2023-06-18 01:07:17.605] [jointLog] [info] Loading pufferfish index
[2023-06-18 01:07:17.605] [jointLog] [info] Loading dense pufferfish index.
[2023-06-18 01:07:43.866] [jointLog] [info] done
[2023-06-18 01:07:43.906] [jointLog] [info] Index contained 117,201 targets
[2023-06-18 01:07:45.169] [jointLog] [info] Number of decoys : 66
[2023-06-18 01:07:45.169] [jointLog] [info] First decoy index : 117,096 
[2023-06-18 01:07:45.800] [jointLog] [info] Automatically detected most likely library type as IU

[2023-06-18 01:10:34.139] [fileLog] [info] 
At end of round 0
==================
Observed 24474341 total fragments (24474341 in most recent round)

[2023-06-18 01:10:34.139] [jointLog] [info] Computed 280,496 rich equivalence classes for further processing
[2023-06-18 01:10:34.139] [jointLog] [info] Counted 21,288,848 total reads in the equivalence classes 
[2023-06-18 01:10:34.145] [jointLog] [info] Number of mappings discarded because of alignment score : 8,679,621
[2023-06-18 01:10:34.145] [jointLog] [info] Number of fragments entirely discarded because of alignment score : 1,187,645
[2023-06-18 01:10:34.145] [jointLog] [info] Number of fragments discarded because they are best-mapped to decoys : 670,898
[2023-06-18 01:10:34.145] [jointLog] [info] Number of fragments discarded because they have only dovetail (discordant) mappings to valid targets : 698,902
[2023-06-18 01:10:34.145] [jointLog] [info] Mapping rate = 86.9844%

[2023-06-18 01:10:34.145] [jointLog] [info] finished quantifyLibrary()
[2023-06-18 01:10:34.214] [jointLog] [info] Starting optimizer
[2023-06-18 01:10:35.898] [jointLog] [info] Marked 0 weighted equivalence classes as degenerate
[2023-06-18 01:10:35.908] [jointLog] [info] iteration = 0 | max rel diff. = 10273.7
[2023-06-18 01:10:36.008] [jointLog] [info] iteration 11, adjusting effective lengths to account for biases
[2023-06-18 01:11:10.914] [jointLog] [info] Computed expected counts (for bias correction)
[2023-06-18 01:11:10.914] [jointLog] [info] processed bias for 0.0% of the transcripts
[2023-06-18 01:11:13.288] [jointLog] [info] processed bias for 10.0% of the transcripts
[2023-06-18 01:11:15.874] [jointLog] [info] processed bias for 20.0% of the transcripts
[2023-06-18 01:11:18.370] [jointLog] [info] processed bias for 30.0% of the transcripts
[2023-06-18 01:11:20.913] [jointLog] [info] processed bias for 40.0% of the transcripts
[2023-06-18 01:11:23.402] [jointLog] [info] processed bias for 50.0% of the transcripts
[2023-06-18 01:11:25.462] [jointLog] [info] processed bias for 60.0% of the transcripts
[2023-06-18 01:11:26.743] [jointLog] [info] processed bias for 70.0% of the transcripts
[2023-06-18 01:11:28.390] [jointLog] [info] processed bias for 80.0% of the transcripts
[2023-06-18 01:11:30.882] [jointLog] [info] processed bias for 90.0% of the transcripts
[2023-06-18 01:11:33.462] [jointLog] [info] processed bias for 100.0% of the transcripts
[2023-06-18 01:11:34.284] [jointLog] [info] iteration = 100 | max rel diff. = 11.4727
[2023-06-18 01:11:35.165] [jointLog] [info] iteration = 200 | max rel diff. = 9.94432
[2023-06-18 01:11:36.072] [jointLog] [info] iteration = 300 | max rel diff. = 4.94101
[2023-06-18 01:11:36.940] [jointLog] [info] iteration = 400 | max rel diff. = 0.709282
[2023-06-18 01:11:37.838] [jointLog] [info] iteration = 500 | max rel diff. = 4.38255
[2023-06-18 01:11:38.737] [jointLog] [info] iteration = 600 | max rel diff. = 1.51328
[2023-06-18 01:11:39.645] [jointLog] [info] iteration = 700 | max rel diff. = 2.03595
[2023-06-18 01:11:40.603] [jointLog] [info] iteration = 800 | max rel diff. = 0.36419
[2023-06-18 01:11:41.512] [jointLog] [info] iteration = 900 | max rel diff. = 0.144425
[2023-06-18 01:11:42.430] [jointLog] [info] iteration = 1,000 | max rel diff. = 0.0384548
[2023-06-18 01:11:43.325] [jointLog] [info] iteration = 1,100 | max rel diff. = 0.25727
[2023-06-18 01:11:44.202] [jointLog] [info] iteration = 1,200 | max rel diff. = 0.0865465
[2023-06-18 01:11:45.139] [jointLog] [info] iteration = 1,300 | max rel diff. = 0.362544
[2023-06-18 01:11:46.053] [jointLog] [info] iteration = 1,400 | max rel diff. = 0.0299554
[2023-06-18 01:11:46.939] [jointLog] [info] iteration = 1,500 | max rel diff. = 0.204452
[2023-06-18 01:11:46.993] [jointLog] [info] iteration = 1,507 | max rel diff. = 0.00946133
[2023-06-18 01:11:47.004] [jointLog] [info] Finished optimizer
[2023-06-18 01:11:47.004] [jointLog] [info] writing output 

