[2022-10-02 19:06:33.528] [jointLog] [info] setting maxHashResizeThreads to 8
[2022-10-02 19:06:33.528] [jointLog] [info] Fragment incompatibility prior below threshold.  Incompatible fragments will be ignored.
[2022-10-02 19:06:33.528] [jointLog] [info] Usage of --validateMappings implies use of minScoreFraction. Since not explicitly specified, it is being set to 0.65
[2022-10-02 19:06:33.528] [jointLog] [info] Setting consensusSlack to selective-alignment default of 0.35.
[2022-10-02 19:06:33.528] [jointLog] [info] parsing read library format
[2022-10-02 19:06:33.528] [jointLog] [info] There is 1 library.
[2022-10-02 19:06:33.532] [jointLog] [info] Loading pufferfish index
[2022-10-02 19:06:33.533] [jointLog] [info] Loading dense pufferfish index.
[2022-10-02 19:07:16.032] [jointLog] [info] done
[2022-10-02 19:07:16.089] [jointLog] [info] Index contained 117,201 targets
[2022-10-02 19:07:17.729] [jointLog] [info] Number of decoys : 66
[2022-10-02 19:07:17.729] [jointLog] [info] First decoy index : 117,096 
[2022-10-02 19:07:18.653] [jointLog] [info] Automatically detected most likely library type as IU

[2022-10-02 19:12:50.172] [fileLog] [info] 
At end of round 0
==================
Observed 23886497 total fragments (23886497 in most recent round)

[2022-10-02 19:12:50.171] [jointLog] [info] Computed 287,699 rich equivalence classes for further processing
[2022-10-02 19:12:50.171] [jointLog] [info] Counted 21,464,396 total reads in the equivalence classes 
[2022-10-02 19:12:50.181] [jointLog] [info] Number of mappings discarded because of alignment score : 8,723,286
[2022-10-02 19:12:50.181] [jointLog] [info] Number of fragments entirely discarded because of alignment score : 1,022,927
[2022-10-02 19:12:50.181] [jointLog] [info] Number of fragments discarded because they are best-mapped to decoys : 577,271
[2022-10-02 19:12:50.181] [jointLog] [info] Number of fragments discarded because they have only dovetail (discordant) mappings to valid targets : 366,082
[2022-10-02 19:12:50.181] [jointLog] [info] Mapping rate = 89.86%

[2022-10-02 19:12:50.181] [jointLog] [info] finished quantifyLibrary()
[2022-10-02 19:12:50.243] [jointLog] [info] Starting optimizer
[2022-10-02 19:12:50.346] [jointLog] [info] Marked 0 weighted equivalence classes as degenerate
[2022-10-02 19:12:50.374] [jointLog] [info] iteration = 0 | max rel diff. = 10429.1
[2022-10-02 19:12:50.628] [jointLog] [info] iteration 11, adjusting effective lengths to account for biases
[2022-10-02 19:13:58.331] [jointLog] [info] Computed expected counts (for bias correction)
[2022-10-02 19:13:58.331] [jointLog] [info] processed bias for 0.0% of the transcripts
[2022-10-02 19:14:03.918] [jointLog] [info] processed bias for 10.0% of the transcripts
[2022-10-02 19:14:09.914] [jointLog] [info] processed bias for 20.0% of the transcripts
[2022-10-02 19:14:15.646] [jointLog] [info] processed bias for 30.0% of the transcripts
[2022-10-02 19:14:22.252] [jointLog] [info] processed bias for 40.0% of the transcripts
[2022-10-02 19:14:28.254] [jointLog] [info] processed bias for 50.0% of the transcripts
[2022-10-02 19:14:31.238] [jointLog] [info] processed bias for 60.0% of the transcripts
[2022-10-02 19:14:33.786] [jointLog] [info] processed bias for 70.0% of the transcripts
[2022-10-02 19:14:39.234] [jointLog] [info] processed bias for 80.0% of the transcripts
[2022-10-02 19:14:45.156] [jointLog] [info] processed bias for 90.0% of the transcripts
[2022-10-02 19:14:51.119] [jointLog] [info] processed bias for 100.0% of the transcripts
[2022-10-02 19:14:51.151] [jointLog] [info] processed bias for 100.0% of the transcripts
[2022-10-02 19:14:53.437] [jointLog] [info] iteration = 100 | max rel diff. = 20.0107
[2022-10-02 19:14:55.951] [jointLog] [info] iteration = 200 | max rel diff. = 20.3081
[2022-10-02 19:14:58.468] [jointLog] [info] iteration = 300 | max rel diff. = 20.4258
[2022-10-02 19:15:00.991] [jointLog] [info] iteration = 400 | max rel diff. = 0.151362
[2022-10-02 19:15:03.508] [jointLog] [info] iteration = 500 | max rel diff. = 0.238849
[2022-10-02 19:15:06.032] [jointLog] [info] iteration = 600 | max rel diff. = 1.22725
[2022-10-02 19:15:09.176] [jointLog] [info] iteration = 700 | max rel diff. = 0.116833
[2022-10-02 19:15:11.695] [jointLog] [info] iteration = 800 | max rel diff. = 0.263087
[2022-10-02 19:15:14.217] [jointLog] [info] iteration = 900 | max rel diff. = 0.237404
[2022-10-02 19:15:16.731] [jointLog] [info] iteration = 1,000 | max rel diff. = 0.109565
[2022-10-02 19:15:19.245] [jointLog] [info] iteration = 1,100 | max rel diff. = 0.0159164
[2022-10-02 19:15:21.760] [jointLog] [info] iteration = 1,200 | max rel diff. = 0.241821
[2022-10-02 19:15:24.278] [jointLog] [info] iteration = 1,300 | max rel diff. = 0.0346873
[2022-10-02 19:15:26.820] [jointLog] [info] iteration = 1,400 | max rel diff. = 0.0362822
[2022-10-02 19:15:29.355] [jointLog] [info] iteration = 1,500 | max rel diff. = 0.0273293
[2022-10-02 19:15:32.044] [jointLog] [info] iteration = 1,600 | max rel diff. = 0.109626
[2022-10-02 19:15:34.710] [jointLog] [info] iteration = 1,700 | max rel diff. = 0.0802369
[2022-10-02 19:15:37.347] [jointLog] [info] iteration = 1,800 | max rel diff. = 0.238861
[2022-10-02 19:15:37.510] [jointLog] [info] iteration = 1,807 | max rel diff. = 0.00563959
[2022-10-02 19:15:37.520] [jointLog] [info] Finished optimizer
[2022-10-02 19:15:37.520] [jointLog] [info] writing output 

