[2023-03-31 15:27:42.408] [jointLog] [info] setting maxHashResizeThreads to 8
[2023-03-31 15:27:42.408] [jointLog] [info] Fragment incompatibility prior below threshold.  Incompatible fragments will be ignored.
[2023-03-31 15:27:42.408] [jointLog] [info] Usage of --validateMappings implies use of minScoreFraction. Since not explicitly specified, it is being set to 0.65
[2023-03-31 15:27:42.408] [jointLog] [info] Setting consensusSlack to selective-alignment default of 0.35.
[2023-03-31 15:27:42.408] [jointLog] [info] parsing read library format
[2023-03-31 15:27:42.408] [jointLog] [info] There is 1 library.
[2023-03-31 15:27:42.715] [jointLog] [info] Loading pufferfish index
[2023-03-31 15:27:42.716] [jointLog] [info] Loading dense pufferfish index.
[2023-03-31 15:28:10.246] [jointLog] [info] done
[2023-03-31 15:28:10.353] [jointLog] [info] Index contained 117,201 targets
[2023-03-31 15:28:11.691] [jointLog] [info] Number of decoys : 66
[2023-03-31 15:28:11.692] [jointLog] [info] First decoy index : 117,096 
[2023-03-31 15:28:11.711] [jointLog] [warning] Fragment GC bias correction is currently *experimental* in single-end libraries.  Please use this option with caution.
[2023-03-31 15:28:12.303] [jointLog] [info] Automatically detected most likely library type as U

[2023-03-31 15:29:00.586] [fileLog] [info] 
At end of round 0
==================
Observed 9992859 total fragments (9992859 in most recent round)

[2023-03-31 15:29:00.586] [jointLog] [info] Computed 225,931 rich equivalence classes for further processing
[2023-03-31 15:29:00.586] [jointLog] [info] Counted 8,818,603 total reads in the equivalence classes 
[2023-03-31 15:29:00.592] [jointLog] [info] Number of mappings discarded because of alignment score : 5,701,781
[2023-03-31 15:29:00.592] [jointLog] [info] Number of fragments entirely discarded because of alignment score : 438,775
[2023-03-31 15:29:00.592] [jointLog] [info] Number of fragments discarded because they are best-mapped to decoys : 113,947
[2023-03-31 15:29:00.592] [jointLog] [info] Number of fragments discarded because they have only dovetail (discordant) mappings to valid targets : 0
[2023-03-31 15:29:00.592] [jointLog] [info] Mapping rate = 88.249%

[2023-03-31 15:29:00.592] [jointLog] [info] finished quantifyLibrary()
[2023-03-31 15:29:00.800] [jointLog] [info] Starting optimizer
[2023-03-31 15:29:00.868] [jointLog] [info] Marked 0 weighted equivalence classes as degenerate
[2023-03-31 15:29:00.881] [jointLog] [info] iteration = 0 | max rel diff. = 6166.18
[2023-03-31 15:29:01.012] [jointLog] [info] iteration 11, adjusting effective lengths to account for biases
[2023-03-31 15:29:12.464] [jointLog] [info] Computed expected counts (for bias correction)
[2023-03-31 15:29:12.464] [jointLog] [info] processed bias for 0.2% of the transcripts
[2023-03-31 15:29:13.280] [jointLog] [info] processed bias for 10.0% of the transcripts
[2023-03-31 15:29:14.169] [jointLog] [info] processed bias for 20.0% of the transcripts
[2023-03-31 15:29:15.104] [jointLog] [info] processed bias for 30.0% of the transcripts
[2023-03-31 15:29:16.027] [jointLog] [info] processed bias for 40.0% of the transcripts
[2023-03-31 15:29:16.936] [jointLog] [info] processed bias for 50.0% of the transcripts
[2023-03-31 15:29:17.849] [jointLog] [info] processed bias for 60.0% of the transcripts
[2023-03-31 15:29:18.765] [jointLog] [info] processed bias for 70.0% of the transcripts
[2023-03-31 15:29:19.696] [jointLog] [info] processed bias for 80.0% of the transcripts
[2023-03-31 15:29:20.218] [jointLog] [info] processed bias for 90.0% of the transcripts
[2023-03-31 15:29:20.534] [jointLog] [info] processed bias for 100.0% of the transcripts
[2023-03-31 15:29:21.533] [jointLog] [info] iteration = 100 | max rel diff. = 19.4144
[2023-03-31 15:29:22.643] [jointLog] [info] iteration = 200 | max rel diff. = 1.56033
[2023-03-31 15:29:23.749] [jointLog] [info] iteration = 300 | max rel diff. = 2.04231
[2023-03-31 15:29:24.856] [jointLog] [info] iteration = 400 | max rel diff. = 2.65321
[2023-03-31 15:29:25.962] [jointLog] [info] iteration = 500 | max rel diff. = 3.68572
[2023-03-31 15:29:27.068] [jointLog] [info] iteration = 600 | max rel diff. = 0.0393736
[2023-03-31 15:29:28.172] [jointLog] [info] iteration = 700 | max rel diff. = 0.139871
[2023-03-31 15:29:29.390] [jointLog] [info] iteration = 800 | max rel diff. = 0.789379
[2023-03-31 15:29:30.639] [jointLog] [info] iteration = 900 | max rel diff. = 0.0211975
[2023-03-31 15:29:31.884] [jointLog] [info] iteration = 1,000 | max rel diff. = 0.285119
[2023-03-31 15:29:33.168] [jointLog] [info] iteration = 1,100 | max rel diff. = 0.200529
[2023-03-31 15:29:34.449] [jointLog] [info] iteration = 1,200 | max rel diff. = 0.0899616
[2023-03-31 15:29:35.600] [jointLog] [info] iteration = 1,300 | max rel diff. = 0.0344155
[2023-03-31 15:29:36.830] [jointLog] [info] iteration = 1,400 | max rel diff. = 0.0538253
[2023-03-31 15:29:37.266] [jointLog] [info] iteration = 1,436 | max rel diff. = 0.00515229
[2023-03-31 15:29:37.276] [jointLog] [info] Finished optimizer
[2023-03-31 15:29:37.276] [jointLog] [info] writing output 

