[2023-06-18 03:12:51.885] [jointLog] [info] setting maxHashResizeThreads to 8
[2023-06-18 03:12:51.885] [jointLog] [info] Fragment incompatibility prior below threshold.  Incompatible fragments will be ignored.
[2023-06-18 03:12:51.885] [jointLog] [info] Usage of --validateMappings implies use of minScoreFraction. Since not explicitly specified, it is being set to 0.65
[2023-06-18 03:12:51.886] [jointLog] [info] Setting consensusSlack to selective-alignment default of 0.35.
[2023-06-18 03:12:51.886] [jointLog] [info] parsing read library format
[2023-06-18 03:12:51.886] [jointLog] [info] There is 1 library.
[2023-06-18 03:12:51.903] [jointLog] [info] Loading pufferfish index
[2023-06-18 03:12:51.903] [jointLog] [info] Loading dense pufferfish index.
[2023-06-18 03:13:18.710] [jointLog] [info] done
[2023-06-18 03:13:18.782] [jointLog] [info] Index contained 117,201 targets
[2023-06-18 03:13:20.222] [jointLog] [info] Number of decoys : 66
[2023-06-18 03:13:20.222] [jointLog] [info] First decoy index : 117,096 
[2023-06-18 03:13:21.711] [jointLog] [info] Automatically detected most likely library type as IU

[2023-06-18 03:16:37.340] [fileLog] [info] 
At end of round 0
==================
Observed 27320801 total fragments (27320801 in most recent round)

[2023-06-18 03:16:37.339] [jointLog] [info] Computed 307,322 rich equivalence classes for further processing
[2023-06-18 03:16:37.339] [jointLog] [info] Counted 23,976,046 total reads in the equivalence classes 
[2023-06-18 03:16:37.347] [jointLog] [info] Number of mappings discarded because of alignment score : 9,366,942
[2023-06-18 03:16:37.347] [jointLog] [info] Number of fragments entirely discarded because of alignment score : 1,327,128
[2023-06-18 03:16:37.347] [jointLog] [info] Number of fragments discarded because they are best-mapped to decoys : 733,190
[2023-06-18 03:16:37.347] [jointLog] [info] Number of fragments discarded because they have only dovetail (discordant) mappings to valid targets : 472,757
[2023-06-18 03:16:37.347] [jointLog] [info] Mapping rate = 87.7575%

[2023-06-18 03:16:37.347] [jointLog] [info] finished quantifyLibrary()
[2023-06-18 03:16:37.414] [jointLog] [info] Starting optimizer
[2023-06-18 03:16:39.797] [jointLog] [info] Marked 0 weighted equivalence classes as degenerate
[2023-06-18 03:16:39.811] [jointLog] [info] iteration = 0 | max rel diff. = 10015.3
[2023-06-18 03:16:39.959] [jointLog] [info] iteration 11, adjusting effective lengths to account for biases
[2023-06-18 03:17:15.789] [jointLog] [info] Computed expected counts (for bias correction)
[2023-06-18 03:17:15.789] [jointLog] [info] processed bias for 0.0% of the transcripts
[2023-06-18 03:17:17.930] [jointLog] [info] processed bias for 10.0% of the transcripts
[2023-06-18 03:17:20.294] [jointLog] [info] processed bias for 20.0% of the transcripts
[2023-06-18 03:17:22.718] [jointLog] [info] processed bias for 30.0% of the transcripts
[2023-06-18 03:17:24.982] [jointLog] [info] processed bias for 40.0% of the transcripts
[2023-06-18 03:17:27.263] [jointLog] [info] processed bias for 50.0% of the transcripts
[2023-06-18 03:17:29.684] [jointLog] [info] processed bias for 60.0% of the transcripts
[2023-06-18 03:17:31.953] [jointLog] [info] processed bias for 70.0% of the transcripts
[2023-06-18 03:17:34.219] [jointLog] [info] processed bias for 80.0% of the transcripts
[2023-06-18 03:17:34.827] [jointLog] [info] processed bias for 90.0% of the transcripts
[2023-06-18 03:17:36.425] [jointLog] [info] processed bias for 100.0% of the transcripts
[2023-06-18 03:17:37.485] [jointLog] [info] iteration = 100 | max rel diff. = 19.6398
[2023-06-18 03:17:38.687] [jointLog] [info] iteration = 200 | max rel diff. = 6.60651
[2023-06-18 03:17:39.967] [jointLog] [info] iteration = 300 | max rel diff. = 5.74568
[2023-06-18 03:17:41.351] [jointLog] [info] iteration = 400 | max rel diff. = 1.94573
[2023-06-18 03:17:42.676] [jointLog] [info] iteration = 500 | max rel diff. = 1.25671
[2023-06-18 03:17:43.977] [jointLog] [info] iteration = 600 | max rel diff. = 0.420417
[2023-06-18 03:17:45.322] [jointLog] [info] iteration = 700 | max rel diff. = 0.058496
[2023-06-18 03:17:46.670] [jointLog] [info] iteration = 800 | max rel diff. = 0.123606
[2023-06-18 03:17:48.090] [jointLog] [info] iteration = 900 | max rel diff. = 0.227301
[2023-06-18 03:17:49.454] [jointLog] [info] iteration = 1,000 | max rel diff. = 0.421011
[2023-06-18 03:17:50.771] [jointLog] [info] iteration = 1,100 | max rel diff. = 0.680308
[2023-06-18 03:17:52.089] [jointLog] [info] iteration = 1,200 | max rel diff. = 0.852287
[2023-06-18 03:17:53.492] [jointLog] [info] iteration = 1,300 | max rel diff. = 0.224743
[2023-06-18 03:17:54.843] [jointLog] [info] iteration = 1,400 | max rel diff. = 0.0626483
[2023-06-18 03:17:56.194] [jointLog] [info] iteration = 1,500 | max rel diff. = 0.0316834
[2023-06-18 03:17:57.570] [jointLog] [info] iteration = 1,600 | max rel diff. = 0.0695475
[2023-06-18 03:17:58.880] [jointLog] [info] iteration = 1,700 | max rel diff. = 0.0960131
[2023-06-18 03:17:59.945] [jointLog] [info] iteration = 1,778 | max rel diff. = 0.00867277
[2023-06-18 03:17:59.954] [jointLog] [info] Finished optimizer
[2023-06-18 03:17:59.954] [jointLog] [info] writing output 

