[2023-06-18 02:45:05.100] [jointLog] [info] setting maxHashResizeThreads to 8
[2023-06-18 02:45:05.100] [jointLog] [info] Fragment incompatibility prior below threshold.  Incompatible fragments will be ignored.
[2023-06-18 02:45:05.100] [jointLog] [info] Usage of --validateMappings implies use of minScoreFraction. Since not explicitly specified, it is being set to 0.65
[2023-06-18 02:45:05.100] [jointLog] [info] Setting consensusSlack to selective-alignment default of 0.35.
[2023-06-18 02:45:05.101] [jointLog] [info] parsing read library format
[2023-06-18 02:45:05.101] [jointLog] [info] There is 1 library.
[2023-06-18 02:45:05.228] [jointLog] [info] Loading pufferfish index
[2023-06-18 02:45:05.268] [jointLog] [info] Loading dense pufferfish index.
[2023-06-18 02:45:32.242] [jointLog] [info] done
[2023-06-18 02:45:32.309] [jointLog] [info] Index contained 117,201 targets
[2023-06-18 02:45:33.750] [jointLog] [info] Number of decoys : 66
[2023-06-18 02:45:33.750] [jointLog] [info] First decoy index : 117,096 
[2023-06-18 02:45:34.418] [jointLog] [info] Automatically detected most likely library type as IU

[2023-06-18 02:48:02.683] [fileLog] [info] 
At end of round 0
==================
Observed 22905016 total fragments (22905016 in most recent round)

[2023-06-18 02:48:02.683] [jointLog] [info] Computed 283,923 rich equivalence classes for further processing
[2023-06-18 02:48:02.683] [jointLog] [info] Counted 20,310,965 total reads in the equivalence classes 
[2023-06-18 02:48:02.688] [jointLog] [info] Number of mappings discarded because of alignment score : 8,208,134
[2023-06-18 02:48:02.688] [jointLog] [info] Number of fragments entirely discarded because of alignment score : 1,086,694
[2023-06-18 02:48:02.688] [jointLog] [info] Number of fragments discarded because they are best-mapped to decoys : 560,234
[2023-06-18 02:48:02.688] [jointLog] [info] Number of fragments discarded because they have only dovetail (discordant) mappings to valid targets : 517,053
[2023-06-18 02:48:02.688] [jointLog] [info] Mapping rate = 88.6747%

[2023-06-18 02:48:02.688] [jointLog] [info] finished quantifyLibrary()
[2023-06-18 02:48:02.887] [jointLog] [info] Starting optimizer
[2023-06-18 02:48:02.962] [jointLog] [info] Marked 0 weighted equivalence classes as degenerate
[2023-06-18 02:48:02.975] [jointLog] [info] iteration = 0 | max rel diff. = 10095.2
[2023-06-18 02:48:03.080] [jointLog] [info] iteration 11, adjusting effective lengths to account for biases
[2023-06-18 02:48:37.241] [jointLog] [info] Computed expected counts (for bias correction)
[2023-06-18 02:48:37.241] [jointLog] [info] processed bias for 0.2% of the transcripts
[2023-06-18 02:48:39.353] [jointLog] [info] processed bias for 10.0% of the transcripts
[2023-06-18 02:48:41.613] [jointLog] [info] processed bias for 20.0% of the transcripts
[2023-06-18 02:48:43.889] [jointLog] [info] processed bias for 30.0% of the transcripts
[2023-06-18 02:48:46.159] [jointLog] [info] processed bias for 40.0% of the transcripts
[2023-06-18 02:48:48.358] [jointLog] [info] processed bias for 50.0% of the transcripts
[2023-06-18 02:48:50.606] [jointLog] [info] processed bias for 60.0% of the transcripts
[2023-06-18 02:48:52.807] [jointLog] [info] processed bias for 70.0% of the transcripts
[2023-06-18 02:48:54.073] [jointLog] [info] processed bias for 80.0% of the transcripts
[2023-06-18 02:48:54.973] [jointLog] [info] processed bias for 90.0% of the transcripts
[2023-06-18 02:48:57.170] [jointLog] [info] processed bias for 100.0% of the transcripts
[2023-06-18 02:48:58.150] [jointLog] [info] iteration = 100 | max rel diff. = 9.03901
[2023-06-18 02:48:59.199] [jointLog] [info] iteration = 200 | max rel diff. = 3.71384
[2023-06-18 02:49:00.245] [jointLog] [info] iteration = 300 | max rel diff. = 0.990625
[2023-06-18 02:49:01.301] [jointLog] [info] iteration = 400 | max rel diff. = 0.452049
[2023-06-18 02:49:02.341] [jointLog] [info] iteration = 500 | max rel diff. = 4.12255
[2023-06-18 02:49:03.381] [jointLog] [info] iteration = 600 | max rel diff. = 0.118673
[2023-06-18 02:49:04.416] [jointLog] [info] iteration = 700 | max rel diff. = 0.470167
[2023-06-18 02:49:05.471] [jointLog] [info] iteration = 800 | max rel diff. = 0.0391579
[2023-06-18 02:49:06.491] [jointLog] [info] iteration = 900 | max rel diff. = 0.232362
[2023-06-18 02:49:07.570] [jointLog] [info] iteration = 1,000 | max rel diff. = 0.0745464
[2023-06-18 02:49:08.596] [jointLog] [info] iteration = 1,100 | max rel diff. = 0.0287137
[2023-06-18 02:49:09.642] [jointLog] [info] iteration = 1,200 | max rel diff. = 0.104976
[2023-06-18 02:49:10.689] [jointLog] [info] iteration = 1,300 | max rel diff. = 0.0723955
[2023-06-18 02:49:11.208] [jointLog] [info] iteration = 1,352 | max rel diff. = 0.00937234
[2023-06-18 02:49:11.219] [jointLog] [info] Finished optimizer
[2023-06-18 02:49:11.219] [jointLog] [info] writing output 

