[2023-06-18 01:42:32.885] [jointLog] [info] setting maxHashResizeThreads to 8
[2023-06-18 01:42:32.885] [jointLog] [info] Fragment incompatibility prior below threshold.  Incompatible fragments will be ignored.
[2023-06-18 01:42:32.885] [jointLog] [info] Usage of --validateMappings implies use of minScoreFraction. Since not explicitly specified, it is being set to 0.65
[2023-06-18 01:42:32.885] [jointLog] [info] Setting consensusSlack to selective-alignment default of 0.35.
[2023-06-18 01:42:32.885] [jointLog] [info] parsing read library format
[2023-06-18 01:42:32.885] [jointLog] [info] There is 1 library.
[2023-06-18 01:42:32.954] [jointLog] [info] Loading pufferfish index
[2023-06-18 01:42:32.954] [jointLog] [info] Loading dense pufferfish index.
[2023-06-18 01:43:00.084] [jointLog] [info] done
[2023-06-18 01:43:00.124] [jointLog] [info] Index contained 117,201 targets
[2023-06-18 01:43:01.639] [jointLog] [info] Number of decoys : 66
[2023-06-18 01:43:01.639] [jointLog] [info] First decoy index : 117,096 
[2023-06-18 01:43:02.739] [jointLog] [info] Automatically detected most likely library type as IU

[2023-06-18 01:45:24.013] [fileLog] [info] 
At end of round 0
==================
Observed 20287912 total fragments (20287912 in most recent round)

[2023-06-18 01:45:24.012] [jointLog] [info] Computed 272,404 rich equivalence classes for further processing
[2023-06-18 01:45:24.012] [jointLog] [info] Counted 17,863,555 total reads in the equivalence classes 
[2023-06-18 01:45:24.020] [jointLog] [info] Number of mappings discarded because of alignment score : 6,745,710
[2023-06-18 01:45:24.020] [jointLog] [info] Number of fragments entirely discarded because of alignment score : 937,027
[2023-06-18 01:45:24.020] [jointLog] [info] Number of fragments discarded because they are best-mapped to decoys : 528,410
[2023-06-18 01:45:24.020] [jointLog] [info] Number of fragments discarded because they have only dovetail (discordant) mappings to valid targets : 358,101
[2023-06-18 01:45:24.020] [jointLog] [info] Mapping rate = 88.0502%

[2023-06-18 01:45:24.020] [jointLog] [info] finished quantifyLibrary()
[2023-06-18 01:45:24.089] [jointLog] [info] Starting optimizer
[2023-06-18 01:45:24.174] [jointLog] [info] Marked 0 weighted equivalence classes as degenerate
[2023-06-18 01:45:24.187] [jointLog] [info] iteration = 0 | max rel diff. = 9628.97
[2023-06-18 01:45:24.334] [jointLog] [info] iteration 11, adjusting effective lengths to account for biases
[2023-06-18 01:45:59.528] [jointLog] [info] Computed expected counts (for bias correction)
[2023-06-18 01:45:59.528] [jointLog] [info] processed bias for 0.1% of the transcripts
[2023-06-18 01:46:01.620] [jointLog] [info] processed bias for 10.0% of the transcripts
[2023-06-18 01:46:03.947] [jointLog] [info] processed bias for 20.0% of the transcripts
[2023-06-18 01:46:06.293] [jointLog] [info] processed bias for 30.0% of the transcripts
[2023-06-18 01:46:07.716] [jointLog] [info] processed bias for 40.0% of the transcripts
[2023-06-18 01:46:08.690] [jointLog] [info] processed bias for 50.0% of the transcripts
[2023-06-18 01:46:10.718] [jointLog] [info] processed bias for 60.0% of the transcripts
[2023-06-18 01:46:13.043] [jointLog] [info] processed bias for 70.0% of the transcripts
[2023-06-18 01:46:15.325] [jointLog] [info] processed bias for 80.0% of the transcripts
[2023-06-18 01:46:17.587] [jointLog] [info] processed bias for 90.0% of the transcripts
[2023-06-18 01:46:19.895] [jointLog] [info] processed bias for 100.0% of the transcripts
[2023-06-18 01:46:19.896] [jointLog] [info] processed bias for 100.0% of the transcripts
[2023-06-18 01:46:20.889] [jointLog] [info] iteration = 100 | max rel diff. = 17.7562
[2023-06-18 01:46:22.041] [jointLog] [info] iteration = 200 | max rel diff. = 12.7497
[2023-06-18 01:46:23.333] [jointLog] [info] iteration = 300 | max rel diff. = 1.57176
[2023-06-18 01:46:24.512] [jointLog] [info] iteration = 400 | max rel diff. = 0.111105
[2023-06-18 01:46:25.754] [jointLog] [info] iteration = 500 | max rel diff. = 0.819124
[2023-06-18 01:46:27.088] [jointLog] [info] iteration = 600 | max rel diff. = 0.146693
[2023-06-18 01:46:28.304] [jointLog] [info] iteration = 700 | max rel diff. = 20.6953
[2023-06-18 01:46:29.528] [jointLog] [info] iteration = 800 | max rel diff. = 0.525313
[2023-06-18 01:46:30.843] [jointLog] [info] iteration = 900 | max rel diff. = 0.205463
[2023-06-18 01:46:32.045] [jointLog] [info] iteration = 1,000 | max rel diff. = 0.0433112
[2023-06-18 01:46:33.275] [jointLog] [info] iteration = 1,100 | max rel diff. = 9.64356
[2023-06-18 01:46:34.535] [jointLog] [info] iteration = 1,200 | max rel diff. = 8.26613
[2023-06-18 01:46:35.761] [jointLog] [info] iteration = 1,300 | max rel diff. = 1.51982
[2023-06-18 01:46:36.971] [jointLog] [info] iteration = 1,400 | max rel diff. = 0.116546
[2023-06-18 01:46:37.772] [jointLog] [info] iteration = 1,469 | max rel diff. = 0.00460893
[2023-06-18 01:46:37.781] [jointLog] [info] Finished optimizer
[2023-06-18 01:46:37.781] [jointLog] [info] writing output 

