[2023-03-31 15:48:01.859] [jointLog] [info] setting maxHashResizeThreads to 8
[2023-03-31 15:48:01.859] [jointLog] [info] Fragment incompatibility prior below threshold.  Incompatible fragments will be ignored.
[2023-03-31 15:48:01.859] [jointLog] [info] Usage of --validateMappings implies use of minScoreFraction. Since not explicitly specified, it is being set to 0.65
[2023-03-31 15:48:01.859] [jointLog] [info] Setting consensusSlack to selective-alignment default of 0.35.
[2023-03-31 15:48:01.860] [jointLog] [info] parsing read library format
[2023-03-31 15:48:01.860] [jointLog] [info] There is 1 library.
[2023-03-31 15:48:01.873] [jointLog] [info] Loading pufferfish index
[2023-03-31 15:48:01.874] [jointLog] [info] Loading dense pufferfish index.
[2023-03-31 15:48:30.284] [jointLog] [info] done
[2023-03-31 15:48:30.338] [jointLog] [info] Index contained 117,201 targets
[2023-03-31 15:48:31.663] [jointLog] [info] Number of decoys : 66
[2023-03-31 15:48:31.663] [jointLog] [info] First decoy index : 117,096 
[2023-03-31 15:48:31.678] [jointLog] [warning] Fragment GC bias correction is currently *experimental* in single-end libraries.  Please use this option with caution.
[2023-03-31 15:48:32.106] [jointLog] [info] Automatically detected most likely library type as U

[2023-03-31 15:49:25.325] [fileLog] [info] 
At end of round 0
==================
Observed 9987338 total fragments (9987338 in most recent round)

[2023-03-31 15:49:25.324] [jointLog] [info] Computed 225,105 rich equivalence classes for further processing
[2023-03-31 15:49:25.324] [jointLog] [info] Counted 8,815,949 total reads in the equivalence classes 
[2023-03-31 15:49:25.331] [jointLog] [info] Number of mappings discarded because of alignment score : 5,706,897
[2023-03-31 15:49:25.331] [jointLog] [info] Number of fragments entirely discarded because of alignment score : 440,206
[2023-03-31 15:49:25.331] [jointLog] [info] Number of fragments discarded because they are best-mapped to decoys : 114,408
[2023-03-31 15:49:25.331] [jointLog] [info] Number of fragments discarded because they have only dovetail (discordant) mappings to valid targets : 0
[2023-03-31 15:49:25.331] [jointLog] [info] Mapping rate = 88.2713%

[2023-03-31 15:49:25.331] [jointLog] [info] finished quantifyLibrary()
[2023-03-31 15:49:25.361] [jointLog] [info] Starting optimizer
[2023-03-31 15:49:25.445] [jointLog] [info] Marked 0 weighted equivalence classes as degenerate
[2023-03-31 15:49:25.458] [jointLog] [info] iteration = 0 | max rel diff. = 6196.73
[2023-03-31 15:49:25.581] [jointLog] [info] iteration 11, adjusting effective lengths to account for biases
[2023-03-31 15:49:37.638] [jointLog] [info] Computed expected counts (for bias correction)
[2023-03-31 15:49:37.638] [jointLog] [info] processed bias for 0.1% of the transcripts
[2023-03-31 15:49:38.441] [jointLog] [info] processed bias for 10.0% of the transcripts
[2023-03-31 15:49:39.289] [jointLog] [info] processed bias for 20.0% of the transcripts
[2023-03-31 15:49:40.209] [jointLog] [info] processed bias for 30.0% of the transcripts
[2023-03-31 15:49:41.068] [jointLog] [info] processed bias for 40.0% of the transcripts
[2023-03-31 15:49:41.554] [jointLog] [info] processed bias for 50.0% of the transcripts
[2023-03-31 15:49:41.857] [jointLog] [info] processed bias for 60.0% of the transcripts
[2023-03-31 15:49:42.676] [jointLog] [info] processed bias for 70.0% of the transcripts
[2023-03-31 15:49:43.529] [jointLog] [info] processed bias for 80.0% of the transcripts
[2023-03-31 15:49:44.372] [jointLog] [info] processed bias for 90.0% of the transcripts
[2023-03-31 15:49:45.267] [jointLog] [info] processed bias for 100.0% of the transcripts
[2023-03-31 15:49:46.245] [jointLog] [info] iteration = 100 | max rel diff. = 17.2507
[2023-03-31 15:49:47.328] [jointLog] [info] iteration = 200 | max rel diff. = 20.0736
[2023-03-31 15:49:48.407] [jointLog] [info] iteration = 300 | max rel diff. = 8.33022
[2023-03-31 15:49:49.540] [jointLog] [info] iteration = 400 | max rel diff. = 3.41021
[2023-03-31 15:49:50.756] [jointLog] [info] iteration = 500 | max rel diff. = 11.0731
[2023-03-31 15:49:51.958] [jointLog] [info] iteration = 600 | max rel diff. = 0.0604111
[2023-03-31 15:49:53.127] [jointLog] [info] iteration = 700 | max rel diff. = 2.62755
[2023-03-31 15:49:54.217] [jointLog] [info] iteration = 800 | max rel diff. = 0.0414605
[2023-03-31 15:49:55.384] [jointLog] [info] iteration = 900 | max rel diff. = 0.041428
[2023-03-31 15:49:56.585] [jointLog] [info] iteration = 1,000 | max rel diff. = 1.0213
[2023-03-31 15:49:57.779] [jointLog] [info] iteration = 1,100 | max rel diff. = 0.0450862
[2023-03-31 15:49:58.982] [jointLog] [info] iteration = 1,200 | max rel diff. = 1.23526
[2023-03-31 15:49:59.439] [jointLog] [info] iteration = 1,239 | max rel diff. = 0.00825309
[2023-03-31 15:49:59.449] [jointLog] [info] Finished optimizer
[2023-03-31 15:49:59.449] [jointLog] [info] writing output 

