[2023-06-18 02:12:42.922] [jointLog] [info] setting maxHashResizeThreads to 8
[2023-06-18 02:12:42.922] [jointLog] [info] Fragment incompatibility prior below threshold.  Incompatible fragments will be ignored.
[2023-06-18 02:12:42.922] [jointLog] [info] Usage of --validateMappings implies use of minScoreFraction. Since not explicitly specified, it is being set to 0.65
[2023-06-18 02:12:42.922] [jointLog] [info] Setting consensusSlack to selective-alignment default of 0.35.
[2023-06-18 02:12:42.922] [jointLog] [info] parsing read library format
[2023-06-18 02:12:42.922] [jointLog] [info] There is 1 library.
[2023-06-18 02:12:42.969] [jointLog] [info] Loading pufferfish index
[2023-06-18 02:12:42.970] [jointLog] [info] Loading dense pufferfish index.
[2023-06-18 02:13:09.813] [jointLog] [info] done
[2023-06-18 02:13:09.865] [jointLog] [info] Index contained 117,201 targets
[2023-06-18 02:13:11.154] [jointLog] [info] Number of decoys : 66
[2023-06-18 02:13:11.154] [jointLog] [info] First decoy index : 117,096 
[2023-06-18 02:13:11.825] [jointLog] [info] Automatically detected most likely library type as IU

[2023-06-18 02:15:54.670] [jointLog] [info] Computed 285,128 rich equivalence classes for further processing
[2023-06-18 02:15:54.670] [jointLog] [info] Counted 21,407,861 total reads in the equivalence classes 
[2023-06-18 02:15:54.677] [jointLog] [info] Number of mappings discarded because of alignment score : 8,713,151
[2023-06-18 02:15:54.677] [jointLog] [info] Number of fragments entirely discarded because of alignment score : 1,266,597
[2023-06-18 02:15:54.677] [jointLog] [info] Number of fragments discarded because they are best-mapped to decoys : 696,643
[2023-06-18 02:15:54.677] [jointLog] [info] Number of fragments discarded because they have only dovetail (discordant) mappings to valid targets : 624,488
[2023-06-18 02:15:54.677] [jointLog] [info] Mapping rate = 86.3754%

[2023-06-18 02:15:54.677] [jointLog] [info] finished quantifyLibrary()
[2023-06-18 02:15:54.717] [jointLog] [info] Starting optimizer
[2023-06-18 02:15:54.789] [jointLog] [info] Marked 0 weighted equivalence classes as degenerate
[2023-06-18 02:15:54.800] [jointLog] [info] iteration = 0 | max rel diff. = 9806.69
[2023-06-18 02:15:54.908] [jointLog] [info] iteration 11, adjusting effective lengths to account for biases
[2023-06-18 02:15:54.671] [fileLog] [info] 
At end of round 0
==================
Observed 24784669 total fragments (24784669 in most recent round)

[2023-06-18 02:16:29.196] [jointLog] [info] Computed expected counts (for bias correction)
[2023-06-18 02:16:29.196] [jointLog] [info] processed bias for 0.0% of the transcripts
[2023-06-18 02:16:31.329] [jointLog] [info] processed bias for 10.0% of the transcripts
[2023-06-18 02:16:33.600] [jointLog] [info] processed bias for 20.0% of the transcripts
[2023-06-18 02:16:35.827] [jointLog] [info] processed bias for 30.0% of the transcripts
[2023-06-18 02:16:38.134] [jointLog] [info] processed bias for 40.0% of the transcripts
[2023-06-18 02:16:40.414] [jointLog] [info] processed bias for 50.0% of the transcripts
[2023-06-18 02:16:42.591] [jointLog] [info] processed bias for 60.0% of the transcripts
[2023-06-18 02:16:44.812] [jointLog] [info] processed bias for 70.0% of the transcripts
[2023-06-18 02:16:46.874] [jointLog] [info] processed bias for 80.0% of the transcripts
[2023-06-18 02:16:47.552] [jointLog] [info] processed bias for 90.0% of the transcripts
[2023-06-18 02:16:49.224] [jointLog] [info] processed bias for 100.0% of the transcripts
[2023-06-18 02:16:49.231] [jointLog] [info] processed bias for 100.0% of the transcripts
[2023-06-18 02:16:50.083] [jointLog] [info] iteration = 100 | max rel diff. = 17.9461
[2023-06-18 02:16:51.075] [jointLog] [info] iteration = 200 | max rel diff. = 5.74203
[2023-06-18 02:16:52.089] [jointLog] [info] iteration = 300 | max rel diff. = 0.943933
[2023-06-18 02:16:53.040] [jointLog] [info] iteration = 400 | max rel diff. = 0.282879
[2023-06-18 02:16:54.044] [jointLog] [info] iteration = 500 | max rel diff. = 1.08488
[2023-06-18 02:16:55.081] [jointLog] [info] iteration = 600 | max rel diff. = 0.811451
[2023-06-18 02:16:56.097] [jointLog] [info] iteration = 700 | max rel diff. = 0.0550676
[2023-06-18 02:16:57.087] [jointLog] [info] iteration = 800 | max rel diff. = 1.89471
[2023-06-18 02:16:58.065] [jointLog] [info] iteration = 900 | max rel diff. = 10.5677
[2023-06-18 02:16:58.967] [jointLog] [info] iteration = 1,000 | max rel diff. = 0.0487605
[2023-06-18 02:16:59.978] [jointLog] [info] iteration = 1,100 | max rel diff. = 0.532316
[2023-06-18 02:17:01.056] [jointLog] [info] iteration = 1,200 | max rel diff. = 0.0732946
[2023-06-18 02:17:02.081] [jointLog] [info] iteration = 1,300 | max rel diff. = 0.0334432
[2023-06-18 02:17:03.091] [jointLog] [info] iteration = 1,400 | max rel diff. = 0.0338396
[2023-06-18 02:17:04.137] [jointLog] [info] iteration = 1,500 | max rel diff. = 0.0384086
[2023-06-18 02:17:04.400] [jointLog] [info] iteration = 1,529 | max rel diff. = 0.00834979
[2023-06-18 02:17:04.409] [jointLog] [info] Finished optimizer
[2023-06-18 02:17:04.409] [jointLog] [info] writing output 

