[2023-06-18 02:30:29.190] [jointLog] [info] setting maxHashResizeThreads to 8
[2023-06-18 02:30:29.190] [jointLog] [info] Fragment incompatibility prior below threshold.  Incompatible fragments will be ignored.
[2023-06-18 02:30:29.190] [jointLog] [info] Usage of --validateMappings implies use of minScoreFraction. Since not explicitly specified, it is being set to 0.65
[2023-06-18 02:30:29.190] [jointLog] [info] Setting consensusSlack to selective-alignment default of 0.35.
[2023-06-18 02:30:29.190] [jointLog] [info] parsing read library format
[2023-06-18 02:30:29.190] [jointLog] [info] There is 1 library.
[2023-06-18 02:30:29.251] [jointLog] [info] Loading pufferfish index
[2023-06-18 02:30:29.252] [jointLog] [info] Loading dense pufferfish index.
[2023-06-18 02:30:55.546] [jointLog] [info] done
[2023-06-18 02:30:55.632] [jointLog] [info] Index contained 117,201 targets
[2023-06-18 02:30:56.887] [jointLog] [info] Number of decoys : 66
[2023-06-18 02:30:56.887] [jointLog] [info] First decoy index : 117,096 
[2023-06-18 02:30:57.613] [jointLog] [info] Automatically detected most likely library type as IU

[2023-06-18 02:33:54.918] [jointLog] [info] Computed 279,722 rich equivalence classes for further processing
[2023-06-18 02:33:54.918] [jointLog] [info] Counted 19,343,286 total reads in the equivalence classes 
[2023-06-18 02:33:54.923] [jointLog] [info] Number of mappings discarded because of alignment score : 8,414,446
[2023-06-18 02:33:54.923] [jointLog] [info] Number of fragments entirely discarded because of alignment score : 1,084,702
[2023-06-18 02:33:54.923] [jointLog] [info] Number of fragments discarded because they are best-mapped to decoys : 601,491
[2023-06-18 02:33:54.923] [jointLog] [info] Number of fragments discarded because they have only dovetail (discordant) mappings to valid targets : 513,410
[2023-06-18 02:33:54.923] [jointLog] [info] Mapping rate = 87.6395%

[2023-06-18 02:33:54.923] [jointLog] [info] finished quantifyLibrary()
[2023-06-18 02:33:54.964] [jointLog] [info] Starting optimizer
[2023-06-18 02:33:55.032] [jointLog] [info] Marked 0 weighted equivalence classes as degenerate
[2023-06-18 02:33:55.042] [jointLog] [info] iteration = 0 | max rel diff. = 10100.8
[2023-06-18 02:33:55.137] [jointLog] [info] iteration 11, adjusting effective lengths to account for biases
[2023-06-18 02:33:54.919] [fileLog] [info] 
At end of round 0
==================
Observed 22071415 total fragments (22071415 in most recent round)

[2023-06-18 02:34:29.728] [jointLog] [info] Computed expected counts (for bias correction)
[2023-06-18 02:34:29.728] [jointLog] [info] processed bias for 0.1% of the transcripts
[2023-06-18 02:34:31.853] [jointLog] [info] processed bias for 10.0% of the transcripts
[2023-06-18 02:34:34.104] [jointLog] [info] processed bias for 20.0% of the transcripts
[2023-06-18 02:34:36.425] [jointLog] [info] processed bias for 30.0% of the transcripts
[2023-06-18 02:34:38.717] [jointLog] [info] processed bias for 40.0% of the transcripts
[2023-06-18 02:34:40.098] [jointLog] [info] processed bias for 50.0% of the transcripts
[2023-06-18 02:34:41.050] [jointLog] [info] processed bias for 60.0% of the transcripts
[2023-06-18 02:34:43.086] [jointLog] [info] processed bias for 70.0% of the transcripts
[2023-06-18 02:34:45.230] [jointLog] [info] processed bias for 80.0% of the transcripts
[2023-06-18 02:34:47.519] [jointLog] [info] processed bias for 90.0% of the transcripts
[2023-06-18 02:34:49.960] [jointLog] [info] processed bias for 100.0% of the transcripts
[2023-06-18 02:34:50.909] [jointLog] [info] iteration = 100 | max rel diff. = 17.198
[2023-06-18 02:34:51.944] [jointLog] [info] iteration = 200 | max rel diff. = 12.662
[2023-06-18 02:34:52.997] [jointLog] [info] iteration = 300 | max rel diff. = 0.81066
[2023-06-18 02:34:54.045] [jointLog] [info] iteration = 400 | max rel diff. = 0.824969
[2023-06-18 02:34:55.095] [jointLog] [info] iteration = 500 | max rel diff. = 0.670774
[2023-06-18 02:34:56.170] [jointLog] [info] iteration = 600 | max rel diff. = 0.060207
[2023-06-18 02:34:57.210] [jointLog] [info] iteration = 700 | max rel diff. = 0.266565
[2023-06-18 02:34:58.195] [jointLog] [info] iteration = 800 | max rel diff. = 1.06992
[2023-06-18 02:34:59.217] [jointLog] [info] iteration = 900 | max rel diff. = 0.156273
[2023-06-18 02:35:00.229] [jointLog] [info] iteration = 1,000 | max rel diff. = 0.189939
[2023-06-18 02:35:01.273] [jointLog] [info] iteration = 1,100 | max rel diff. = 0.0690487
[2023-06-18 02:35:02.322] [jointLog] [info] iteration = 1,200 | max rel diff. = 0.0254832
[2023-06-18 02:35:02.876] [jointLog] [info] iteration = 1,256 | max rel diff. = 0.0043952
[2023-06-18 02:35:02.885] [jointLog] [info] Finished optimizer
[2023-06-18 02:35:02.885] [jointLog] [info] writing output 

