[2023-06-18 01:25:37.543] [jointLog] [info] setting maxHashResizeThreads to 8
[2023-06-18 01:25:37.543] [jointLog] [info] Fragment incompatibility prior below threshold.  Incompatible fragments will be ignored.
[2023-06-18 01:25:37.543] [jointLog] [info] Usage of --validateMappings implies use of minScoreFraction. Since not explicitly specified, it is being set to 0.65
[2023-06-18 01:25:37.543] [jointLog] [info] Setting consensusSlack to selective-alignment default of 0.35.
[2023-06-18 01:25:37.543] [jointLog] [info] parsing read library format
[2023-06-18 01:25:37.544] [jointLog] [info] There is 1 library.
[2023-06-18 01:25:37.586] [jointLog] [info] Loading pufferfish index
[2023-06-18 01:25:37.587] [jointLog] [info] Loading dense pufferfish index.
[2023-06-18 01:26:04.948] [jointLog] [info] done
[2023-06-18 01:26:04.991] [jointLog] [info] Index contained 117,201 targets
[2023-06-18 01:26:06.361] [jointLog] [info] Number of decoys : 66
[2023-06-18 01:26:06.361] [jointLog] [info] First decoy index : 117,096 
[2023-06-18 01:26:07.077] [jointLog] [info] Automatically detected most likely library type as IU

[2023-06-18 01:28:24.467] [fileLog] [info] 
At end of round 0
==================
Observed 18447983 total fragments (18447983 in most recent round)

[2023-06-18 01:28:24.466] [jointLog] [info] Computed 264,989 rich equivalence classes for further processing
[2023-06-18 01:28:24.466] [jointLog] [info] Counted 16,154,736 total reads in the equivalence classes 
[2023-06-18 01:28:24.472] [jointLog] [info] Number of mappings discarded because of alignment score : 6,597,137
[2023-06-18 01:28:24.472] [jointLog] [info] Number of fragments entirely discarded because of alignment score : 908,755
[2023-06-18 01:28:24.472] [jointLog] [info] Number of fragments discarded because they are best-mapped to decoys : 511,987
[2023-06-18 01:28:24.472] [jointLog] [info] Number of fragments discarded because they have only dovetail (discordant) mappings to valid targets : 378,091
[2023-06-18 01:28:24.472] [jointLog] [info] Mapping rate = 87.5691%

[2023-06-18 01:28:24.472] [jointLog] [info] finished quantifyLibrary()
[2023-06-18 01:28:24.526] [jointLog] [info] Starting optimizer
[2023-06-18 01:28:24.577] [jointLog] [info] Marked 0 weighted equivalence classes as degenerate
[2023-06-18 01:28:24.587] [jointLog] [info] iteration = 0 | max rel diff. = 8809.51
[2023-06-18 01:28:24.695] [jointLog] [info] iteration 11, adjusting effective lengths to account for biases
[2023-06-18 01:28:59.023] [jointLog] [info] Computed expected counts (for bias correction)
[2023-06-18 01:28:59.023] [jointLog] [info] processed bias for 0.0% of the transcripts
[2023-06-18 01:29:01.107] [jointLog] [info] processed bias for 10.0% of the transcripts
[2023-06-18 01:29:03.362] [jointLog] [info] processed bias for 20.0% of the transcripts
[2023-06-18 01:29:05.645] [jointLog] [info] processed bias for 30.0% of the transcripts
[2023-06-18 01:29:07.926] [jointLog] [info] processed bias for 40.0% of the transcripts
[2023-06-18 01:29:10.195] [jointLog] [info] processed bias for 50.0% of the transcripts
[2023-06-18 01:29:12.487] [jointLog] [info] processed bias for 60.0% of the transcripts
[2023-06-18 01:29:14.558] [jointLog] [info] processed bias for 70.0% of the transcripts
[2023-06-18 01:29:15.423] [jointLog] [info] processed bias for 80.0% of the transcripts
[2023-06-18 01:29:16.850] [jointLog] [info] processed bias for 90.0% of the transcripts
[2023-06-18 01:29:19.065] [jointLog] [info] processed bias for 100.0% of the transcripts
[2023-06-18 01:29:19.067] [jointLog] [info] processed bias for 100.0% of the transcripts
[2023-06-18 01:29:19.910] [jointLog] [info] iteration = 100 | max rel diff. = 8.88615
[2023-06-18 01:29:20.758] [jointLog] [info] iteration = 200 | max rel diff. = 19.4638
[2023-06-18 01:29:21.665] [jointLog] [info] iteration = 300 | max rel diff. = 1.24792
[2023-06-18 01:29:22.527] [jointLog] [info] iteration = 400 | max rel diff. = 15.2016
[2023-06-18 01:29:23.373] [jointLog] [info] iteration = 500 | max rel diff. = 3.6595
[2023-06-18 01:29:24.231] [jointLog] [info] iteration = 600 | max rel diff. = 0.152738
[2023-06-18 01:29:25.140] [jointLog] [info] iteration = 700 | max rel diff. = 0.67088
[2023-06-18 01:29:26.015] [jointLog] [info] iteration = 800 | max rel diff. = 0.172397
[2023-06-18 01:29:26.846] [jointLog] [info] iteration = 900 | max rel diff. = 0.224262
[2023-06-18 01:29:27.682] [jointLog] [info] iteration = 1,000 | max rel diff. = 0.280728
[2023-06-18 01:29:28.573] [jointLog] [info] iteration = 1,100 | max rel diff. = 0.0240516
[2023-06-18 01:29:29.444] [jointLog] [info] iteration = 1,200 | max rel diff. = 18.1998
[2023-06-18 01:29:30.402] [jointLog] [info] iteration = 1,300 | max rel diff. = 0.370942
[2023-06-18 01:29:31.380] [jointLog] [info] iteration = 1,400 | max rel diff. = 6.15527
[2023-06-18 01:29:31.389] [jointLog] [info] iteration = 1,402 | max rel diff. = 0.0095588
[2023-06-18 01:29:31.398] [jointLog] [info] Finished optimizer
[2023-06-18 01:29:31.398] [jointLog] [info] writing output 

