[2023-06-18 02:03:59.159] [jointLog] [info] setting maxHashResizeThreads to 8
[2023-06-18 02:03:59.159] [jointLog] [info] Fragment incompatibility prior below threshold.  Incompatible fragments will be ignored.
[2023-06-18 02:03:59.159] [jointLog] [info] Usage of --validateMappings implies use of minScoreFraction. Since not explicitly specified, it is being set to 0.65
[2023-06-18 02:03:59.159] [jointLog] [info] Setting consensusSlack to selective-alignment default of 0.35.
[2023-06-18 02:03:59.159] [jointLog] [info] parsing read library format
[2023-06-18 02:03:59.159] [jointLog] [info] There is 1 library.
[2023-06-18 02:03:59.183] [jointLog] [info] Loading pufferfish index
[2023-06-18 02:03:59.184] [jointLog] [info] Loading dense pufferfish index.
[2023-06-18 02:04:26.211] [jointLog] [info] done
[2023-06-18 02:04:26.296] [jointLog] [info] Index contained 117,201 targets
[2023-06-18 02:04:28.230] [jointLog] [info] Number of decoys : 66
[2023-06-18 02:04:28.230] [jointLog] [info] First decoy index : 117,096 
[2023-06-18 02:04:29.276] [jointLog] [info] Automatically detected most likely library type as IU

[2023-06-18 02:07:04.343] [fileLog] [info] 
At end of round 0
==================
Observed 21953071 total fragments (21953071 in most recent round)

[2023-06-18 02:07:04.343] [jointLog] [info] Computed 267,885 rich equivalence classes for further processing
[2023-06-18 02:07:04.343] [jointLog] [info] Counted 19,295,084 total reads in the equivalence classes 
[2023-06-18 02:07:04.348] [jointLog] [info] Number of mappings discarded because of alignment score : 7,656,674
[2023-06-18 02:07:04.348] [jointLog] [info] Number of fragments entirely discarded because of alignment score : 1,040,043
[2023-06-18 02:07:04.348] [jointLog] [info] Number of fragments discarded because they are best-mapped to decoys : 573,136
[2023-06-18 02:07:04.348] [jointLog] [info] Number of fragments discarded because they have only dovetail (discordant) mappings to valid targets : 496,355
[2023-06-18 02:07:04.348] [jointLog] [info] Mapping rate = 87.8924%

[2023-06-18 02:07:04.348] [jointLog] [info] finished quantifyLibrary()
[2023-06-18 02:07:04.415] [jointLog] [info] Starting optimizer
[2023-06-18 02:07:04.484] [jointLog] [info] Marked 0 weighted equivalence classes as degenerate
[2023-06-18 02:07:04.495] [jointLog] [info] iteration = 0 | max rel diff. = 9983.41
[2023-06-18 02:07:04.605] [jointLog] [info] iteration 11, adjusting effective lengths to account for biases
[2023-06-18 02:07:38.201] [jointLog] [info] Computed expected counts (for bias correction)
[2023-06-18 02:07:38.201] [jointLog] [info] processed bias for 0.2% of the transcripts
[2023-06-18 02:07:40.203] [jointLog] [info] processed bias for 10.0% of the transcripts
[2023-06-18 02:07:42.420] [jointLog] [info] processed bias for 20.0% of the transcripts
[2023-06-18 02:07:44.692] [jointLog] [info] processed bias for 30.0% of the transcripts
[2023-06-18 02:07:46.538] [jointLog] [info] processed bias for 40.0% of the transcripts
[2023-06-18 02:07:47.359] [jointLog] [info] processed bias for 50.0% of the transcripts
[2023-06-18 02:07:48.870] [jointLog] [info] processed bias for 60.0% of the transcripts
[2023-06-18 02:07:51.033] [jointLog] [info] processed bias for 70.0% of the transcripts
[2023-06-18 02:07:53.242] [jointLog] [info] processed bias for 80.0% of the transcripts
[2023-06-18 02:07:55.529] [jointLog] [info] processed bias for 90.0% of the transcripts
[2023-06-18 02:07:57.761] [jointLog] [info] processed bias for 100.0% of the transcripts
[2023-06-18 02:07:57.764] [jointLog] [info] processed bias for 100.0% of the transcripts
[2023-06-18 02:07:58.647] [jointLog] [info] iteration = 100 | max rel diff. = 14.8753
[2023-06-18 02:07:59.572] [jointLog] [info] iteration = 200 | max rel diff. = 7.57333
[2023-06-18 02:08:00.426] [jointLog] [info] iteration = 300 | max rel diff. = 1.28429
[2023-06-18 02:08:01.367] [jointLog] [info] iteration = 400 | max rel diff. = 0.462746
[2023-06-18 02:08:02.219] [jointLog] [info] iteration = 500 | max rel diff. = 0.959439
[2023-06-18 02:08:03.080] [jointLog] [info] iteration = 600 | max rel diff. = 0.439323
[2023-06-18 02:08:04.052] [jointLog] [info] iteration = 700 | max rel diff. = 0.129279
[2023-06-18 02:08:04.926] [jointLog] [info] iteration = 800 | max rel diff. = 0.292944
[2023-06-18 02:08:05.803] [jointLog] [info] iteration = 900 | max rel diff. = 0.342432
[2023-06-18 02:08:06.663] [jointLog] [info] iteration = 1,000 | max rel diff. = 0.0867082
[2023-06-18 02:08:07.512] [jointLog] [info] iteration = 1,100 | max rel diff. = 0.0256548
[2023-06-18 02:08:08.397] [jointLog] [info] iteration = 1,200 | max rel diff. = 0.0761992
[2023-06-18 02:08:09.335] [jointLog] [info] iteration = 1,300 | max rel diff. = 0.0168934
[2023-06-18 02:08:10.249] [jointLog] [info] iteration = 1,400 | max rel diff. = 0.0968456
[2023-06-18 02:08:11.084] [jointLog] [info] iteration = 1,500 | max rel diff. = 0.164992
[2023-06-18 02:08:12.016] [jointLog] [info] iteration = 1,600 | max rel diff. = 0.0761034
[2023-06-18 02:08:12.937] [jointLog] [info] iteration = 1,700 | max rel diff. = 0.111855
[2023-06-18 02:08:13.933] [jointLog] [info] iteration = 1,800 | max rel diff. = 0.0959125
[2023-06-18 02:08:14.051] [jointLog] [info] iteration = 1,813 | max rel diff. = 0.00652655
[2023-06-18 02:08:14.060] [jointLog] [info] Finished optimizer
[2023-06-18 02:08:14.060] [jointLog] [info] writing output 

