[2023-03-31 15:51:51.556] [jointLog] [info] setting maxHashResizeThreads to 8
[2023-03-31 15:51:51.556] [jointLog] [info] Fragment incompatibility prior below threshold.  Incompatible fragments will be ignored.
[2023-03-31 15:51:51.556] [jointLog] [info] Usage of --validateMappings implies use of minScoreFraction. Since not explicitly specified, it is being set to 0.65
[2023-03-31 15:51:51.556] [jointLog] [info] Setting consensusSlack to selective-alignment default of 0.35.
[2023-03-31 15:51:51.556] [jointLog] [info] parsing read library format
[2023-03-31 15:51:51.557] [jointLog] [info] There is 1 library.
[2023-03-31 15:51:51.575] [jointLog] [info] Loading pufferfish index
[2023-03-31 15:51:51.576] [jointLog] [info] Loading dense pufferfish index.
[2023-03-31 15:52:21.075] [jointLog] [info] done
[2023-03-31 15:52:21.145] [jointLog] [info] Index contained 117,201 targets
[2023-03-31 15:52:22.543] [jointLog] [info] Number of decoys : 66
[2023-03-31 15:52:22.543] [jointLog] [info] First decoy index : 117,096 
[2023-03-31 15:52:22.559] [jointLog] [warning] Fragment GC bias correction is currently *experimental* in single-end libraries.  Please use this option with caution.
[2023-03-31 15:52:22.953] [jointLog] [info] Automatically detected most likely library type as U

[2023-03-31 15:53:16.548] [jointLog] [info] Computed 229,589 rich equivalence classes for further processing
[2023-03-31 15:53:16.548] [jointLog] [info] Counted 8,653,717 total reads in the equivalence classes 
[2023-03-31 15:53:16.556] [jointLog] [info] Number of mappings discarded because of alignment score : 4,911,114
[2023-03-31 15:53:16.556] [jointLog] [info] Number of fragments entirely discarded because of alignment score : 369,757
[2023-03-31 15:53:16.556] [jointLog] [info] Number of fragments discarded because they are best-mapped to decoys : 162,325
[2023-03-31 15:53:16.556] [jointLog] [info] Number of fragments discarded because they have only dovetail (discordant) mappings to valid targets : 0
[2023-03-31 15:53:16.556] [jointLog] [info] Mapping rate = 82.2862%

[2023-03-31 15:53:16.556] [jointLog] [info] finished quantifyLibrary()
[2023-03-31 15:53:16.588] [jointLog] [info] Starting optimizer
[2023-03-31 15:53:16.666] [jointLog] [info] Marked 0 weighted equivalence classes as degenerate
[2023-03-31 15:53:16.679] [jointLog] [info] iteration = 0 | max rel diff. = 6035.41
[2023-03-31 15:53:16.549] [fileLog] [info] 
At end of round 0
==================
Observed 10516613 total fragments (10516613 in most recent round)

[2023-03-31 15:53:16.805] [jointLog] [info] iteration 11, adjusting effective lengths to account for biases
[2023-03-31 15:53:29.018] [jointLog] [info] Computed expected counts (for bias correction)
[2023-03-31 15:53:29.019] [jointLog] [info] processed bias for 0.1% of the transcripts
[2023-03-31 15:53:29.803] [jointLog] [info] processed bias for 10.0% of the transcripts
[2023-03-31 15:53:30.684] [jointLog] [info] processed bias for 20.0% of the transcripts
[2023-03-31 15:53:31.566] [jointLog] [info] processed bias for 30.0% of the transcripts
[2023-03-31 15:53:32.454] [jointLog] [info] processed bias for 40.0% of the transcripts
[2023-03-31 15:53:33.351] [jointLog] [info] processed bias for 50.0% of the transcripts
[2023-03-31 15:53:34.269] [jointLog] [info] processed bias for 60.0% of the transcripts
[2023-03-31 15:53:35.132] [jointLog] [info] processed bias for 70.0% of the transcripts
[2023-03-31 15:53:35.926] [jointLog] [info] processed bias for 80.0% of the transcripts
[2023-03-31 15:53:36.075] [jointLog] [info] processed bias for 90.0% of the transcripts
[2023-03-31 15:53:36.817] [jointLog] [info] processed bias for 100.0% of the transcripts
[2023-03-31 15:53:36.819] [jointLog] [info] processed bias for 100.0% of the transcripts
[2023-03-31 15:53:37.812] [jointLog] [info] iteration = 100 | max rel diff. = 14.091
[2023-03-31 15:53:38.908] [jointLog] [info] iteration = 200 | max rel diff. = 18.5168
[2023-03-31 15:53:40.005] [jointLog] [info] iteration = 300 | max rel diff. = 0.85119
[2023-03-31 15:53:41.093] [jointLog] [info] iteration = 400 | max rel diff. = 0.318182
[2023-03-31 15:53:42.191] [jointLog] [info] iteration = 500 | max rel diff. = 4.46203
[2023-03-31 15:53:43.383] [jointLog] [info] iteration = 600 | max rel diff. = 1.37565
[2023-03-31 15:53:44.498] [jointLog] [info] iteration = 700 | max rel diff. = 0.015139
[2023-03-31 15:53:45.599] [jointLog] [info] iteration = 800 | max rel diff. = 0.163637
[2023-03-31 15:53:46.699] [jointLog] [info] iteration = 900 | max rel diff. = 0.223008
[2023-03-31 15:53:47.796] [jointLog] [info] iteration = 1,000 | max rel diff. = 0.12783
[2023-03-31 15:53:49.014] [jointLog] [info] iteration = 1,100 | max rel diff. = 0.300699
[2023-03-31 15:53:50.251] [jointLog] [info] iteration = 1,200 | max rel diff. = 0.0344753
[2023-03-31 15:53:50.852] [jointLog] [info] iteration = 1,251 | max rel diff. = 0.0078194
[2023-03-31 15:53:50.862] [jointLog] [info] Finished optimizer
[2023-03-31 15:53:50.862] [jointLog] [info] writing output 

