[2023-03-31 15:33:49.981] [jointLog] [info] setting maxHashResizeThreads to 8
[2023-03-31 15:33:49.981] [jointLog] [info] Fragment incompatibility prior below threshold.  Incompatible fragments will be ignored.
[2023-03-31 15:33:49.981] [jointLog] [info] Usage of --validateMappings implies use of minScoreFraction. Since not explicitly specified, it is being set to 0.65
[2023-03-31 15:33:49.981] [jointLog] [info] Setting consensusSlack to selective-alignment default of 0.35.
[2023-03-31 15:33:49.981] [jointLog] [info] parsing read library format
[2023-03-31 15:33:49.981] [jointLog] [info] There is 1 library.
[2023-03-31 15:33:50.045] [jointLog] [info] Loading pufferfish index
[2023-03-31 15:33:50.045] [jointLog] [info] Loading dense pufferfish index.
[2023-03-31 15:34:19.649] [jointLog] [info] done
[2023-03-31 15:34:19.815] [jointLog] [info] Index contained 117,201 targets
[2023-03-31 15:34:21.130] [jointLog] [info] Number of decoys : 66
[2023-03-31 15:34:21.130] [jointLog] [info] First decoy index : 117,096 
[2023-03-31 15:34:21.147] [jointLog] [warning] Fragment GC bias correction is currently *experimental* in single-end libraries.  Please use this option with caution.
[2023-03-31 15:34:21.801] [jointLog] [info] Automatically detected most likely library type as U

[2023-03-31 15:35:09.726] [jointLog] [info] Computed 231,870 rich equivalence classes for further processing
[2023-03-31 15:35:09.726] [jointLog] [info] Counted 8,564,358 total reads in the equivalence classes 
[2023-03-31 15:35:09.733] [jointLog] [info] Number of mappings discarded because of alignment score : 4,982,113
[2023-03-31 15:35:09.733] [jointLog] [info] Number of fragments entirely discarded because of alignment score : 335,241
[2023-03-31 15:35:09.733] [jointLog] [info] Number of fragments discarded because they are best-mapped to decoys : 132,464
[2023-03-31 15:35:09.733] [jointLog] [info] Number of fragments discarded because they have only dovetail (discordant) mappings to valid targets : 0
[2023-03-31 15:35:09.733] [jointLog] [info] Mapping rate = 90.8175%

[2023-03-31 15:35:09.733] [jointLog] [info] finished quantifyLibrary()
[2023-03-31 15:35:09.727] [fileLog] [info] 
At end of round 0
==================
Observed 9430294 total fragments (9430294 in most recent round)

[2023-03-31 15:35:10.178] [jointLog] [info] Starting optimizer
[2023-03-31 15:35:10.254] [jointLog] [info] Marked 0 weighted equivalence classes as degenerate
[2023-03-31 15:35:10.271] [jointLog] [info] iteration = 0 | max rel diff. = 5961.58
[2023-03-31 15:35:10.413] [jointLog] [info] iteration 11, adjusting effective lengths to account for biases
[2023-03-31 15:35:22.457] [jointLog] [info] Computed expected counts (for bias correction)
[2023-03-31 15:35:22.457] [jointLog] [info] processed bias for 0.1% of the transcripts
[2023-03-31 15:35:23.344] [jointLog] [info] processed bias for 10.0% of the transcripts
[2023-03-31 15:35:24.330] [jointLog] [info] processed bias for 20.0% of the transcripts
[2023-03-31 15:35:25.289] [jointLog] [info] processed bias for 30.0% of the transcripts
[2023-03-31 15:35:26.286] [jointLog] [info] processed bias for 40.0% of the transcripts
[2023-03-31 15:35:27.230] [jointLog] [info] processed bias for 50.0% of the transcripts
[2023-03-31 15:35:28.182] [jointLog] [info] processed bias for 60.0% of the transcripts
[2023-03-31 15:35:28.793] [jointLog] [info] processed bias for 70.0% of the transcripts
[2023-03-31 15:35:29.134] [jointLog] [info] processed bias for 80.0% of the transcripts
[2023-03-31 15:35:30.063] [jointLog] [info] processed bias for 90.0% of the transcripts
[2023-03-31 15:35:31.093] [jointLog] [info] processed bias for 100.0% of the transcripts
[2023-03-31 15:35:31.096] [jointLog] [info] processed bias for 100.0% of the transcripts
[2023-03-31 15:35:32.106] [jointLog] [info] iteration = 100 | max rel diff. = 19.3285
[2023-03-31 15:35:33.213] [jointLog] [info] iteration = 200 | max rel diff. = 12.9155
[2023-03-31 15:35:34.320] [jointLog] [info] iteration = 300 | max rel diff. = 5.01078
[2023-03-31 15:35:35.435] [jointLog] [info] iteration = 400 | max rel diff. = 1.57044
[2023-03-31 15:35:36.541] [jointLog] [info] iteration = 500 | max rel diff. = 7.82293
[2023-03-31 15:35:37.648] [jointLog] [info] iteration = 600 | max rel diff. = 0.327088
[2023-03-31 15:35:38.765] [jointLog] [info] iteration = 700 | max rel diff. = 0.0388175
[2023-03-31 15:35:39.871] [jointLog] [info] iteration = 800 | max rel diff. = 0.220984
[2023-03-31 15:35:40.974] [jointLog] [info] iteration = 900 | max rel diff. = 0.0360581
[2023-03-31 15:35:42.081] [jointLog] [info] iteration = 1,000 | max rel diff. = 0.0127984
[2023-03-31 15:35:43.193] [jointLog] [info] iteration = 1,100 | max rel diff. = 0.0449362
[2023-03-31 15:35:44.289] [jointLog] [info] iteration = 1,200 | max rel diff. = 0.234141
[2023-03-31 15:35:45.386] [jointLog] [info] iteration = 1,300 | max rel diff. = 0.0486355
[2023-03-31 15:35:46.494] [jointLog] [info] iteration = 1,400 | max rel diff. = 0.13728
[2023-03-31 15:35:47.392] [jointLog] [info] iteration = 1,482 | max rel diff. = 0.0064697
[2023-03-31 15:35:47.402] [jointLog] [info] Finished optimizer
[2023-03-31 15:35:47.402] [jointLog] [info] writing output 

