[2022-10-02 19:58:22.639] [jointLog] [info] setting maxHashResizeThreads to 8
[2022-10-02 19:58:22.639] [jointLog] [info] Fragment incompatibility prior below threshold.  Incompatible fragments will be ignored.
[2022-10-02 19:58:22.639] [jointLog] [info] Usage of --validateMappings implies use of minScoreFraction. Since not explicitly specified, it is being set to 0.65
[2022-10-02 19:58:22.639] [jointLog] [info] Setting consensusSlack to selective-alignment default of 0.35.
[2022-10-02 19:58:22.639] [jointLog] [info] parsing read library format
[2022-10-02 19:58:22.639] [jointLog] [info] There is 1 library.
[2022-10-02 19:58:22.642] [jointLog] [info] Loading pufferfish index
[2022-10-02 19:58:22.642] [jointLog] [info] Loading dense pufferfish index.
[2022-10-02 19:59:15.809] [jointLog] [info] done
[2022-10-02 19:59:15.875] [jointLog] [info] Index contained 117,201 targets
[2022-10-02 19:59:18.288] [jointLog] [info] Number of decoys : 66
[2022-10-02 19:59:18.288] [jointLog] [info] First decoy index : 117,096 
[2022-10-02 19:59:19.281] [jointLog] [info] Automatically detected most likely library type as IU

[2022-10-02 20:05:52.236] [fileLog] [info] 
At end of round 0
==================
Observed 27622990 total fragments (27622990 in most recent round)

[2022-10-02 20:05:52.236] [jointLog] [info] Computed 282,506 rich equivalence classes for further processing
[2022-10-02 20:05:52.236] [jointLog] [info] Counted 25,099,165 total reads in the equivalence classes 
[2022-10-02 20:05:52.251] [jointLog] [info] Number of mappings discarded because of alignment score : 9,682,315
[2022-10-02 20:05:52.251] [jointLog] [info] Number of fragments entirely discarded because of alignment score : 1,151,016
[2022-10-02 20:05:52.251] [jointLog] [info] Number of fragments discarded because they are best-mapped to decoys : 629,075
[2022-10-02 20:05:52.251] [jointLog] [info] Number of fragments discarded because they have only dovetail (discordant) mappings to valid targets : 434,245
[2022-10-02 20:05:52.251] [jointLog] [info] Mapping rate = 90.8633%

[2022-10-02 20:05:52.251] [jointLog] [info] finished quantifyLibrary()
[2022-10-02 20:05:52.263] [jointLog] [info] Starting optimizer
[2022-10-02 20:06:01.979] [jointLog] [info] Marked 0 weighted equivalence classes as degenerate
[2022-10-02 20:06:02.006] [jointLog] [info] iteration = 0 | max rel diff. = 10558.2
[2022-10-02 20:06:02.267] [jointLog] [info] iteration 11, adjusting effective lengths to account for biases
[2022-10-02 20:07:13.938] [jointLog] [info] Computed expected counts (for bias correction)
[2022-10-02 20:07:13.938] [jointLog] [info] processed bias for 0.1% of the transcripts
[2022-10-02 20:07:19.445] [jointLog] [info] processed bias for 10.0% of the transcripts
[2022-10-02 20:07:25.650] [jointLog] [info] processed bias for 20.0% of the transcripts
[2022-10-02 20:07:32.141] [jointLog] [info] processed bias for 30.0% of the transcripts
[2022-10-02 20:07:38.454] [jointLog] [info] processed bias for 40.0% of the transcripts
[2022-10-02 20:07:41.575] [jointLog] [info] processed bias for 50.0% of the transcripts
[2022-10-02 20:07:44.250] [jointLog] [info] processed bias for 60.0% of the transcripts
[2022-10-02 20:07:49.879] [jointLog] [info] processed bias for 70.0% of the transcripts
[2022-10-02 20:07:56.801] [jointLog] [info] processed bias for 80.0% of the transcripts
[2022-10-02 20:08:02.898] [jointLog] [info] processed bias for 90.0% of the transcripts
[2022-10-02 20:08:09.030] [jointLog] [info] processed bias for 100.0% of the transcripts
[2022-10-02 20:08:09.047] [jointLog] [info] processed bias for 100.0% of the transcripts
[2022-10-02 20:08:11.652] [jointLog] [info] iteration = 100 | max rel diff. = 19.0866
[2022-10-02 20:08:14.174] [jointLog] [info] iteration = 200 | max rel diff. = 1.93087
[2022-10-02 20:08:16.948] [jointLog] [info] iteration = 300 | max rel diff. = 12.7005
[2022-10-02 20:08:19.845] [jointLog] [info] iteration = 400 | max rel diff. = 0.155076
[2022-10-02 20:08:22.331] [jointLog] [info] iteration = 500 | max rel diff. = 0.342975
[2022-10-02 20:08:24.965] [jointLog] [info] iteration = 600 | max rel diff. = 0.331819
[2022-10-02 20:08:27.898] [jointLog] [info] iteration = 700 | max rel diff. = 0.0481494
[2022-10-02 20:08:30.591] [jointLog] [info] iteration = 800 | max rel diff. = 0.235566
[2022-10-02 20:08:33.145] [jointLog] [info] iteration = 900 | max rel diff. = 0.0427054
[2022-10-02 20:08:36.008] [jointLog] [info] iteration = 1,000 | max rel diff. = 0.0752969
[2022-10-02 20:08:38.714] [jointLog] [info] iteration = 1,100 | max rel diff. = 0.141143
[2022-10-02 20:08:41.906] [jointLog] [info] iteration = 1,200 | max rel diff. = 0.0184318
[2022-10-02 20:08:44.399] [jointLog] [info] iteration = 1,300 | max rel diff. = 0.0515765
[2022-10-02 20:08:47.044] [jointLog] [info] iteration = 1,400 | max rel diff. = 0.0164991
[2022-10-02 20:08:50.013] [jointLog] [info] iteration = 1,500 | max rel diff. = 3.3191
[2022-10-02 20:08:52.735] [jointLog] [info] iteration = 1,600 | max rel diff. = 0.0269073
[2022-10-02 20:08:55.269] [jointLog] [info] iteration = 1,700 | max rel diff. = 0.0360513
[2022-10-02 20:08:55.985] [jointLog] [info] iteration = 1,729 | max rel diff. = 0.0076047
[2022-10-02 20:08:55.996] [jointLog] [info] Finished optimizer
[2022-10-02 20:08:55.996] [jointLog] [info] writing output 

