[2023-03-31 16:16:34.152] [jointLog] [info] setting maxHashResizeThreads to 8
[2023-03-31 16:16:34.152] [jointLog] [info] Fragment incompatibility prior below threshold.  Incompatible fragments will be ignored.
[2023-03-31 16:16:34.152] [jointLog] [info] Usage of --validateMappings implies use of minScoreFraction. Since not explicitly specified, it is being set to 0.65
[2023-03-31 16:16:34.152] [jointLog] [info] Setting consensusSlack to selective-alignment default of 0.35.
[2023-03-31 16:16:34.152] [jointLog] [info] parsing read library format
[2023-03-31 16:16:34.152] [jointLog] [info] There is 1 library.
[2023-03-31 16:16:34.587] [jointLog] [info] Loading pufferfish index
[2023-03-31 16:16:34.604] [jointLog] [info] Loading dense pufferfish index.
[2023-03-31 16:17:03.565] [jointLog] [info] done
[2023-03-31 16:17:03.803] [jointLog] [info] Index contained 117,201 targets
[2023-03-31 16:17:05.146] [jointLog] [info] Number of decoys : 66
[2023-03-31 16:17:05.146] [jointLog] [info] First decoy index : 117,096 
[2023-03-31 16:17:05.161] [jointLog] [warning] Fragment GC bias correction is currently *experimental* in single-end libraries.  Please use this option with caution.
[2023-03-31 16:17:05.577] [jointLog] [info] Automatically detected most likely library type as U

[2023-03-31 16:17:37.383] [jointLog] [info] Computed 209,797 rich equivalence classes for further processing
[2023-03-31 16:17:37.383] [jointLog] [info] Counted 6,079,539 total reads in the equivalence classes 
[2023-03-31 16:17:37.391] [jointLog] [info] Number of mappings discarded because of alignment score : 3,702,003
[2023-03-31 16:17:37.391] [jointLog] [info] Number of fragments entirely discarded because of alignment score : 298,930
[2023-03-31 16:17:37.391] [jointLog] [info] Number of fragments discarded because they are best-mapped to decoys : 85,084
[2023-03-31 16:17:37.391] [jointLog] [info] Number of fragments discarded because they have only dovetail (discordant) mappings to valid targets : 0
[2023-03-31 16:17:37.391] [jointLog] [info] Mapping rate = 90.3216%

[2023-03-31 16:17:37.391] [jointLog] [info] finished quantifyLibrary()
[2023-03-31 16:17:37.774] [jointLog] [info] Starting optimizer
[2023-03-31 16:17:37.838] [jointLog] [info] Marked 0 weighted equivalence classes as degenerate
[2023-03-31 16:17:37.384] [fileLog] [info] 
At end of round 0
==================
Observed 6730993 total fragments (6730993 in most recent round)

[2023-03-31 16:17:37.850] [jointLog] [info] iteration = 0 | max rel diff. = 4545.96
[2023-03-31 16:17:37.963] [jointLog] [info] iteration 11, adjusting effective lengths to account for biases
[2023-03-31 16:17:49.326] [jointLog] [info] Computed expected counts (for bias correction)
[2023-03-31 16:17:49.326] [jointLog] [info] processed bias for 0.2% of the transcripts
[2023-03-31 16:17:50.160] [jointLog] [info] processed bias for 10.0% of the transcripts
[2023-03-31 16:17:51.008] [jointLog] [info] processed bias for 20.0% of the transcripts
[2023-03-31 16:17:51.886] [jointLog] [info] processed bias for 30.0% of the transcripts
[2023-03-31 16:17:52.507] [jointLog] [info] processed bias for 40.0% of the transcripts
[2023-03-31 16:17:52.893] [jointLog] [info] processed bias for 50.0% of the transcripts
[2023-03-31 16:17:53.605] [jointLog] [info] processed bias for 60.0% of the transcripts
[2023-03-31 16:17:54.509] [jointLog] [info] processed bias for 70.0% of the transcripts
[2023-03-31 16:17:55.392] [jointLog] [info] processed bias for 80.0% of the transcripts
[2023-03-31 16:17:56.276] [jointLog] [info] processed bias for 90.0% of the transcripts
[2023-03-31 16:17:57.165] [jointLog] [info] processed bias for 100.0% of the transcripts
[2023-03-31 16:17:57.169] [jointLog] [info] processed bias for 100.0% of the transcripts
[2023-03-31 16:17:58.132] [jointLog] [info] iteration = 100 | max rel diff. = 15.7179
[2023-03-31 16:17:59.192] [jointLog] [info] iteration = 200 | max rel diff. = 9.24561
[2023-03-31 16:18:00.251] [jointLog] [info] iteration = 300 | max rel diff. = 0.360276
[2023-03-31 16:18:01.309] [jointLog] [info] iteration = 400 | max rel diff. = 0.158773
[2023-03-31 16:18:02.369] [jointLog] [info] iteration = 500 | max rel diff. = 0.0979407
[2023-03-31 16:18:03.427] [jointLog] [info] iteration = 600 | max rel diff. = 0.988095
[2023-03-31 16:18:04.491] [jointLog] [info] iteration = 700 | max rel diff. = 0.374165
[2023-03-31 16:18:05.568] [jointLog] [info] iteration = 800 | max rel diff. = 0.193955
[2023-03-31 16:18:06.624] [jointLog] [info] iteration = 900 | max rel diff. = 0.0817475
[2023-03-31 16:18:07.697] [jointLog] [info] iteration = 1,000 | max rel diff. = 0.037264
[2023-03-31 16:18:08.774] [jointLog] [info] iteration = 1,100 | max rel diff. = 0.0290998
[2023-03-31 16:18:09.839] [jointLog] [info] iteration = 1,200 | max rel diff. = 0.0136327
[2023-03-31 16:18:10.904] [jointLog] [info] iteration = 1,300 | max rel diff. = 0.0516814
[2023-03-31 16:18:11.264] [jointLog] [info] iteration = 1,335 | max rel diff. = 0.0030094
[2023-03-31 16:18:11.274] [jointLog] [info] Finished optimizer
[2023-03-31 16:18:11.274] [jointLog] [info] writing output 

