[2023-03-31 15:31:42.775] [jointLog] [info] setting maxHashResizeThreads to 8
[2023-03-31 15:31:42.775] [jointLog] [info] Fragment incompatibility prior below threshold.  Incompatible fragments will be ignored.
[2023-03-31 15:31:42.775] [jointLog] [info] Usage of --validateMappings implies use of minScoreFraction. Since not explicitly specified, it is being set to 0.65
[2023-03-31 15:31:42.775] [jointLog] [info] Setting consensusSlack to selective-alignment default of 0.35.
[2023-03-31 15:31:42.775] [jointLog] [info] parsing read library format
[2023-03-31 15:31:42.775] [jointLog] [info] There is 1 library.
[2023-03-31 15:31:42.789] [jointLog] [info] Loading pufferfish index
[2023-03-31 15:31:42.789] [jointLog] [info] Loading dense pufferfish index.
[2023-03-31 15:32:11.415] [jointLog] [info] done
[2023-03-31 15:32:11.574] [jointLog] [info] Index contained 117,201 targets
[2023-03-31 15:32:12.825] [jointLog] [info] Number of decoys : 66
[2023-03-31 15:32:12.825] [jointLog] [info] First decoy index : 117,096 
[2023-03-31 15:32:12.840] [jointLog] [warning] Fragment GC bias correction is currently *experimental* in single-end libraries.  Please use this option with caution.
[2023-03-31 15:32:13.366] [jointLog] [info] Automatically detected most likely library type as U

[2023-03-31 15:33:05.532] [jointLog] [info] Computed 229,817 rich equivalence classes for further processing
[2023-03-31 15:33:05.532] [jointLog] [info] Counted 8,689,135 total reads in the equivalence classes 
[2023-03-31 15:33:05.538] [jointLog] [info] Number of mappings discarded because of alignment score : 4,988,033
[2023-03-31 15:33:05.538] [jointLog] [info] Number of fragments entirely discarded because of alignment score : 371,232
[2023-03-31 15:33:05.538] [jointLog] [info] Number of fragments discarded because they are best-mapped to decoys : 162,842
[2023-03-31 15:33:05.538] [jointLog] [info] Number of fragments discarded because they have only dovetail (discordant) mappings to valid targets : 0
[2023-03-31 15:33:05.538] [jointLog] [info] Mapping rate = 82.282%

[2023-03-31 15:33:05.539] [jointLog] [info] finished quantifyLibrary()
[2023-03-31 15:33:05.564] [jointLog] [info] Starting optimizer
[2023-03-31 15:33:05.631] [jointLog] [info] Marked 0 weighted equivalence classes as degenerate
[2023-03-31 15:33:05.643] [jointLog] [info] iteration = 0 | max rel diff. = 6069.05
[2023-03-31 15:33:05.764] [jointLog] [info] iteration 11, adjusting effective lengths to account for biases
[2023-03-31 15:33:05.533] [fileLog] [info] 
At end of round 0
==================
Observed 10560183 total fragments (10560183 in most recent round)

[2023-03-31 15:33:17.173] [jointLog] [info] Computed expected counts (for bias correction)
[2023-03-31 15:33:17.173] [jointLog] [info] processed bias for 0.1% of the transcripts
[2023-03-31 15:33:17.943] [jointLog] [info] processed bias for 10.0% of the transcripts
[2023-03-31 15:33:18.765] [jointLog] [info] processed bias for 20.0% of the transcripts
[2023-03-31 15:33:19.575] [jointLog] [info] processed bias for 30.0% of the transcripts
[2023-03-31 15:33:20.415] [jointLog] [info] processed bias for 40.0% of the transcripts
[2023-03-31 15:33:20.870] [jointLog] [info] processed bias for 50.0% of the transcripts
[2023-03-31 15:33:21.301] [jointLog] [info] processed bias for 60.0% of the transcripts
[2023-03-31 15:33:22.010] [jointLog] [info] processed bias for 70.0% of the transcripts
[2023-03-31 15:33:22.851] [jointLog] [info] processed bias for 80.0% of the transcripts
[2023-03-31 15:33:23.673] [jointLog] [info] processed bias for 90.0% of the transcripts
[2023-03-31 15:33:24.501] [jointLog] [info] processed bias for 100.0% of the transcripts
[2023-03-31 15:33:24.501] [jointLog] [info] processed bias for 100.0% of the transcripts
[2023-03-31 15:33:25.451] [jointLog] [info] iteration = 100 | max rel diff. = 17.024
[2023-03-31 15:33:26.498] [jointLog] [info] iteration = 200 | max rel diff. = 15.6187
[2023-03-31 15:33:27.540] [jointLog] [info] iteration = 300 | max rel diff. = 1.21154
[2023-03-31 15:33:28.580] [jointLog] [info] iteration = 400 | max rel diff. = 10.7388
[2023-03-31 15:33:29.621] [jointLog] [info] iteration = 500 | max rel diff. = 15.9311
[2023-03-31 15:33:30.662] [jointLog] [info] iteration = 600 | max rel diff. = 0.295981
[2023-03-31 15:33:31.720] [jointLog] [info] iteration = 700 | max rel diff. = 0.231118
[2023-03-31 15:33:32.769] [jointLog] [info] iteration = 800 | max rel diff. = 0.0167169
[2023-03-31 15:33:33.808] [jointLog] [info] iteration = 900 | max rel diff. = 0.112621
[2023-03-31 15:33:34.867] [jointLog] [info] iteration = 1,000 | max rel diff. = 0.0572696
[2023-03-31 15:33:35.915] [jointLog] [info] iteration = 1,100 | max rel diff. = 0.279998
[2023-03-31 15:33:36.951] [jointLog] [info] iteration = 1,200 | max rel diff. = 3.03508
[2023-03-31 15:33:37.990] [jointLog] [info] iteration = 1,300 | max rel diff. = 0.0947236
[2023-03-31 15:33:39.031] [jointLog] [info] iteration = 1,400 | max rel diff. = 0.556053
[2023-03-31 15:33:39.156] [jointLog] [info] iteration = 1,413 | max rel diff. = 0.00464404
[2023-03-31 15:33:39.165] [jointLog] [info] Finished optimizer
[2023-03-31 15:33:39.166] [jointLog] [info] writing output 

