[2023-03-31 16:12:48.385] [jointLog] [info] setting maxHashResizeThreads to 8
[2023-03-31 16:12:48.385] [jointLog] [info] Fragment incompatibility prior below threshold.  Incompatible fragments will be ignored.
[2023-03-31 16:12:48.385] [jointLog] [info] Usage of --validateMappings implies use of minScoreFraction. Since not explicitly specified, it is being set to 0.65
[2023-03-31 16:12:48.386] [jointLog] [info] Setting consensusSlack to selective-alignment default of 0.35.
[2023-03-31 16:12:48.386] [jointLog] [info] parsing read library format
[2023-03-31 16:12:48.386] [jointLog] [info] There is 1 library.
[2023-03-31 16:12:48.409] [jointLog] [info] Loading pufferfish index
[2023-03-31 16:12:48.409] [jointLog] [info] Loading dense pufferfish index.
[2023-03-31 16:13:17.072] [jointLog] [info] done
[2023-03-31 16:13:17.213] [jointLog] [info] Index contained 117,201 targets
[2023-03-31 16:13:18.548] [jointLog] [info] Number of decoys : 66
[2023-03-31 16:13:18.548] [jointLog] [info] First decoy index : 117,096 
[2023-03-31 16:13:18.563] [jointLog] [warning] Fragment GC bias correction is currently *experimental* in single-end libraries.  Please use this option with caution.
[2023-03-31 16:13:19.518] [jointLog] [info] Automatically detected most likely library type as U

[2023-03-31 16:14:05.698] [jointLog] [info] Computed 225,701 rich equivalence classes for further processing
[2023-03-31 16:14:05.698] [jointLog] [info] Counted 7,672,094 total reads in the equivalence classes 
[2023-03-31 16:14:05.705] [jointLog] [info] Number of mappings discarded because of alignment score : 4,492,596
[2023-03-31 16:14:05.705] [jointLog] [info] Number of fragments entirely discarded because of alignment score : 306,115
[2023-03-31 16:14:05.705] [jointLog] [info] Number of fragments discarded because they are best-mapped to decoys : 118,028
[2023-03-31 16:14:05.705] [jointLog] [info] Number of fragments discarded because they have only dovetail (discordant) mappings to valid targets : 0
[2023-03-31 16:14:05.705] [jointLog] [info] Mapping rate = 90.73%

[2023-03-31 16:14:05.705] [jointLog] [info] finished quantifyLibrary()
[2023-03-31 16:14:05.754] [jointLog] [info] Starting optimizer
[2023-03-31 16:14:05.820] [jointLog] [info] Marked 0 weighted equivalence classes as degenerate
[2023-03-31 16:14:05.833] [jointLog] [info] iteration = 0 | max rel diff. = 5537.37
[2023-03-31 16:14:05.979] [jointLog] [info] iteration 11, adjusting effective lengths to account for biases
[2023-03-31 16:14:05.699] [fileLog] [info] 
At end of round 0
==================
Observed 8455963 total fragments (8455963 in most recent round)

[2023-03-31 16:14:18.171] [jointLog] [info] Computed expected counts (for bias correction)
[2023-03-31 16:14:18.171] [jointLog] [info] processed bias for 0.2% of the transcripts
[2023-03-31 16:14:19.031] [jointLog] [info] processed bias for 10.0% of the transcripts
[2023-03-31 16:14:19.989] [jointLog] [info] processed bias for 20.0% of the transcripts
[2023-03-31 16:14:20.882] [jointLog] [info] processed bias for 30.0% of the transcripts
[2023-03-31 16:14:21.823] [jointLog] [info] processed bias for 40.0% of the transcripts
[2023-03-31 16:14:22.789] [jointLog] [info] processed bias for 50.0% of the transcripts
[2023-03-31 16:14:23.751] [jointLog] [info] processed bias for 60.0% of the transcripts
[2023-03-31 16:14:24.166] [jointLog] [info] processed bias for 70.0% of the transcripts
[2023-03-31 16:14:24.607] [jointLog] [info] processed bias for 80.0% of the transcripts
[2023-03-31 16:14:25.510] [jointLog] [info] processed bias for 90.0% of the transcripts
[2023-03-31 16:14:26.485] [jointLog] [info] processed bias for 100.0% of the transcripts
[2023-03-31 16:14:27.502] [jointLog] [info] iteration = 100 | max rel diff. = 19.864
[2023-03-31 16:14:28.698] [jointLog] [info] iteration = 200 | max rel diff. = 8.61087
[2023-03-31 16:14:29.961] [jointLog] [info] iteration = 300 | max rel diff. = 7.61086
[2023-03-31 16:14:31.223] [jointLog] [info] iteration = 400 | max rel diff. = 0.384383
[2023-03-31 16:14:32.487] [jointLog] [info] iteration = 500 | max rel diff. = 2.30377
[2023-03-31 16:14:33.614] [jointLog] [info] iteration = 600 | max rel diff. = 0.460036
[2023-03-31 16:14:34.725] [jointLog] [info] iteration = 700 | max rel diff. = 0.184025
[2023-03-31 16:14:35.854] [jointLog] [info] iteration = 800 | max rel diff. = 0.153753
[2023-03-31 16:14:36.976] [jointLog] [info] iteration = 900 | max rel diff. = 0.191794
[2023-03-31 16:14:38.089] [jointLog] [info] iteration = 1,000 | max rel diff. = 0.0895388
[2023-03-31 16:14:39.200] [jointLog] [info] iteration = 1,100 | max rel diff. = 0.260241
[2023-03-31 16:14:40.314] [jointLog] [info] iteration = 1,200 | max rel diff. = 0.240407
[2023-03-31 16:14:41.432] [jointLog] [info] iteration = 1,300 | max rel diff. = 0.0890608
[2023-03-31 16:14:42.551] [jointLog] [info] iteration = 1,400 | max rel diff. = 0.0594232
[2023-03-31 16:14:43.076] [jointLog] [info] iteration = 1,448 | max rel diff. = 0.00901919
[2023-03-31 16:14:43.085] [jointLog] [info] Finished optimizer
[2023-03-31 16:14:43.085] [jointLog] [info] writing output 

