[2023-06-18 01:50:52.228] [jointLog] [info] setting maxHashResizeThreads to 8
[2023-06-18 01:50:52.228] [jointLog] [info] Fragment incompatibility prior below threshold.  Incompatible fragments will be ignored.
[2023-06-18 01:50:52.228] [jointLog] [info] Usage of --validateMappings implies use of minScoreFraction. Since not explicitly specified, it is being set to 0.65
[2023-06-18 01:50:52.228] [jointLog] [info] Setting consensusSlack to selective-alignment default of 0.35.
[2023-06-18 01:50:52.228] [jointLog] [info] parsing read library format
[2023-06-18 01:50:52.228] [jointLog] [info] There is 1 library.
[2023-06-18 01:50:52.271] [jointLog] [info] Loading pufferfish index
[2023-06-18 01:50:52.271] [jointLog] [info] Loading dense pufferfish index.
[2023-06-18 01:51:20.265] [jointLog] [info] done
[2023-06-18 01:51:20.320] [jointLog] [info] Index contained 117,201 targets
[2023-06-18 01:51:21.843] [jointLog] [info] Number of decoys : 66
[2023-06-18 01:51:21.843] [jointLog] [info] First decoy index : 117,096 
[2023-06-18 01:51:23.274] [jointLog] [info] Automatically detected most likely library type as IU

[2023-06-18 01:53:54.133] [fileLog] [info] 
At end of round 0
==================
Observed 22325633 total fragments (22325633 in most recent round)

[2023-06-18 01:53:54.133] [jointLog] [info] Computed 276,558 rich equivalence classes for further processing
[2023-06-18 01:53:54.133] [jointLog] [info] Counted 19,820,784 total reads in the equivalence classes 
[2023-06-18 01:53:54.139] [jointLog] [info] Number of mappings discarded because of alignment score : 8,030,120
[2023-06-18 01:53:54.139] [jointLog] [info] Number of fragments entirely discarded because of alignment score : 1,074,794
[2023-06-18 01:53:54.140] [jointLog] [info] Number of fragments discarded because they are best-mapped to decoys : 569,835
[2023-06-18 01:53:54.140] [jointLog] [info] Number of fragments discarded because they have only dovetail (discordant) mappings to valid targets : 580,628
[2023-06-18 01:53:54.140] [jointLog] [info] Mapping rate = 88.7804%

[2023-06-18 01:53:54.140] [jointLog] [info] finished quantifyLibrary()
[2023-06-18 01:53:54.185] [jointLog] [info] Starting optimizer
[2023-06-18 01:53:54.260] [jointLog] [info] Marked 0 weighted equivalence classes as degenerate
[2023-06-18 01:53:54.271] [jointLog] [info] iteration = 0 | max rel diff. = 10178.2
[2023-06-18 01:53:54.383] [jointLog] [info] iteration 11, adjusting effective lengths to account for biases
[2023-06-18 01:54:27.977] [jointLog] [info] Computed expected counts (for bias correction)
[2023-06-18 01:54:27.977] [jointLog] [info] processed bias for 0.1% of the transcripts
[2023-06-18 01:54:30.012] [jointLog] [info] processed bias for 10.0% of the transcripts
[2023-06-18 01:54:32.272] [jointLog] [info] processed bias for 20.0% of the transcripts
[2023-06-18 01:54:34.477] [jointLog] [info] processed bias for 30.0% of the transcripts
[2023-06-18 01:54:36.693] [jointLog] [info] processed bias for 40.0% of the transcripts
[2023-06-18 01:54:38.890] [jointLog] [info] processed bias for 50.0% of the transcripts
[2023-06-18 01:54:41.190] [jointLog] [info] processed bias for 60.0% of the transcripts
[2023-06-18 01:54:43.356] [jointLog] [info] processed bias for 70.0% of the transcripts
[2023-06-18 01:54:44.501] [jointLog] [info] processed bias for 80.0% of the transcripts
[2023-06-18 01:54:45.668] [jointLog] [info] processed bias for 90.0% of the transcripts
[2023-06-18 01:54:47.536] [jointLog] [info] processed bias for 100.0% of the transcripts
[2023-06-18 01:54:47.539] [jointLog] [info] processed bias for 100.0% of the transcripts
[2023-06-18 01:54:48.413] [jointLog] [info] iteration = 100 | max rel diff. = 20.6103
[2023-06-18 01:54:49.324] [jointLog] [info] iteration = 200 | max rel diff. = 2.2903
[2023-06-18 01:54:50.233] [jointLog] [info] iteration = 300 | max rel diff. = 2.56729
[2023-06-18 01:54:51.172] [jointLog] [info] iteration = 400 | max rel diff. = 0.197366
[2023-06-18 01:54:52.068] [jointLog] [info] iteration = 500 | max rel diff. = 2.17752
[2023-06-18 01:54:52.954] [jointLog] [info] iteration = 600 | max rel diff. = 0.909206
[2023-06-18 01:54:53.898] [jointLog] [info] iteration = 700 | max rel diff. = 0.0215066
[2023-06-18 01:54:54.791] [jointLog] [info] iteration = 800 | max rel diff. = 0.0365164
[2023-06-18 01:54:55.712] [jointLog] [info] iteration = 900 | max rel diff. = 0.37892
[2023-06-18 01:54:56.607] [jointLog] [info] iteration = 1,000 | max rel diff. = 0.160578
[2023-06-18 01:54:57.488] [jointLog] [info] iteration = 1,100 | max rel diff. = 0.0152965
[2023-06-18 01:54:58.393] [jointLog] [info] iteration = 1,200 | max rel diff. = 8.67218
[2023-06-18 01:54:59.290] [jointLog] [info] iteration = 1,300 | max rel diff. = 0.127268
[2023-06-18 01:55:00.176] [jointLog] [info] iteration = 1,400 | max rel diff. = 0.094347
[2023-06-18 01:55:01.088] [jointLog] [info] iteration = 1,500 | max rel diff. = 0.0836578
[2023-06-18 01:55:01.494] [jointLog] [info] iteration = 1,545 | max rel diff. = 0.00504609
[2023-06-18 01:55:01.503] [jointLog] [info] Finished optimizer
[2023-06-18 01:55:01.503] [jointLog] [info] writing output 

