[2023-03-31 15:41:41.317] [jointLog] [info] setting maxHashResizeThreads to 8
[2023-03-31 15:41:41.317] [jointLog] [info] Fragment incompatibility prior below threshold.  Incompatible fragments will be ignored.
[2023-03-31 15:41:41.317] [jointLog] [info] Usage of --validateMappings implies use of minScoreFraction. Since not explicitly specified, it is being set to 0.65
[2023-03-31 15:41:41.317] [jointLog] [info] Setting consensusSlack to selective-alignment default of 0.35.
[2023-03-31 15:41:41.317] [jointLog] [info] parsing read library format
[2023-03-31 15:41:41.318] [jointLog] [info] There is 1 library.
[2023-03-31 15:41:41.361] [jointLog] [info] Loading pufferfish index
[2023-03-31 15:41:41.362] [jointLog] [info] Loading dense pufferfish index.
[2023-03-31 15:42:10.381] [jointLog] [info] done
[2023-03-31 15:42:10.439] [jointLog] [info] Index contained 117,201 targets
[2023-03-31 15:42:11.773] [jointLog] [info] Number of decoys : 66
[2023-03-31 15:42:11.773] [jointLog] [info] First decoy index : 117,096 
[2023-03-31 15:42:11.789] [jointLog] [warning] Fragment GC bias correction is currently *experimental* in single-end libraries.  Please use this option with caution.
[2023-03-31 15:42:12.189] [jointLog] [info] Automatically detected most likely library type as U

[2023-03-31 15:43:05.277] [fileLog] [info] 
At end of round 0
==================
Observed 10946301 total fragments (10946301 in most recent round)

[2023-03-31 15:43:05.277] [jointLog] [info] Computed 240,557 rich equivalence classes for further processing
[2023-03-31 15:43:05.277] [jointLog] [info] Counted 9,666,374 total reads in the equivalence classes 
[2023-03-31 15:43:05.283] [jointLog] [info] Number of mappings discarded because of alignment score : 6,613,565
[2023-03-31 15:43:05.283] [jointLog] [info] Number of fragments entirely discarded because of alignment score : 535,169
[2023-03-31 15:43:05.283] [jointLog] [info] Number of fragments discarded because they are best-mapped to decoys : 150,244
[2023-03-31 15:43:05.283] [jointLog] [info] Number of fragments discarded because they have only dovetail (discordant) mappings to valid targets : 0
[2023-03-31 15:43:05.283] [jointLog] [info] Mapping rate = 88.3072%

[2023-03-31 15:43:05.283] [jointLog] [info] finished quantifyLibrary()
[2023-03-31 15:43:05.312] [jointLog] [info] Starting optimizer
[2023-03-31 15:43:05.380] [jointLog] [info] Marked 0 weighted equivalence classes as degenerate
[2023-03-31 15:43:05.393] [jointLog] [info] iteration = 0 | max rel diff. = 6538.08
[2023-03-31 15:43:05.511] [jointLog] [info] iteration 11, adjusting effective lengths to account for biases
[2023-03-31 15:43:18.034] [jointLog] [info] Computed expected counts (for bias correction)
[2023-03-31 15:43:18.034] [jointLog] [info] processed bias for 0.2% of the transcripts
[2023-03-31 15:43:18.880] [jointLog] [info] processed bias for 10.0% of the transcripts
[2023-03-31 15:43:19.800] [jointLog] [info] processed bias for 20.0% of the transcripts
[2023-03-31 15:43:20.757] [jointLog] [info] processed bias for 30.0% of the transcripts
[2023-03-31 15:43:21.662] [jointLog] [info] processed bias for 40.0% of the transcripts
[2023-03-31 15:43:22.591] [jointLog] [info] processed bias for 50.0% of the transcripts
[2023-03-31 15:43:23.530] [jointLog] [info] processed bias for 60.0% of the transcripts
[2023-03-31 15:43:24.431] [jointLog] [info] processed bias for 70.1% of the transcripts
[2023-03-31 15:43:24.919] [jointLog] [info] processed bias for 80.0% of the transcripts
[2023-03-31 15:43:25.418] [jointLog] [info] processed bias for 90.0% of the transcripts
[2023-03-31 15:43:26.156] [jointLog] [info] processed bias for 100.0% of the transcripts
[2023-03-31 15:43:26.157] [jointLog] [info] processed bias for 100.0% of the transcripts
[2023-03-31 15:43:27.174] [jointLog] [info] iteration = 100 | max rel diff. = 17.4303
[2023-03-31 15:43:28.295] [jointLog] [info] iteration = 200 | max rel diff. = 17.4304
[2023-03-31 15:43:29.489] [jointLog] [info] iteration = 300 | max rel diff. = 5.99181
[2023-03-31 15:43:30.604] [jointLog] [info] iteration = 400 | max rel diff. = 2.57778
[2023-03-31 15:43:31.720] [jointLog] [info] iteration = 500 | max rel diff. = 0.515677
[2023-03-31 15:43:32.836] [jointLog] [info] iteration = 600 | max rel diff. = 6.94783
[2023-03-31 15:43:33.966] [jointLog] [info] iteration = 700 | max rel diff. = 0.264986
[2023-03-31 15:43:35.102] [jointLog] [info] iteration = 800 | max rel diff. = 0.0882291
[2023-03-31 15:43:36.233] [jointLog] [info] iteration = 900 | max rel diff. = 0.237969
[2023-03-31 15:43:37.350] [jointLog] [info] iteration = 1,000 | max rel diff. = 0.130128
[2023-03-31 15:43:38.464] [jointLog] [info] iteration = 1,100 | max rel diff. = 0.0313932
[2023-03-31 15:43:39.576] [jointLog] [info] iteration = 1,200 | max rel diff. = 0.47445
[2023-03-31 15:43:40.425] [jointLog] [info] iteration = 1,277 | max rel diff. = 0.00977527
[2023-03-31 15:43:40.436] [jointLog] [info] Finished optimizer
[2023-03-31 15:43:40.436] [jointLog] [info] writing output 

