[2023-06-18 03:23:17.409] [jointLog] [info] setting maxHashResizeThreads to 8
[2023-06-18 03:23:17.409] [jointLog] [info] Fragment incompatibility prior below threshold.  Incompatible fragments will be ignored.
[2023-06-18 03:23:17.409] [jointLog] [info] Usage of --validateMappings implies use of minScoreFraction. Since not explicitly specified, it is being set to 0.65
[2023-06-18 03:23:17.409] [jointLog] [info] Setting consensusSlack to selective-alignment default of 0.35.
[2023-06-18 03:23:17.409] [jointLog] [info] parsing read library format
[2023-06-18 03:23:17.409] [jointLog] [info] There is 1 library.
[2023-06-18 03:23:17.426] [jointLog] [info] Loading pufferfish index
[2023-06-18 03:23:17.426] [jointLog] [info] Loading dense pufferfish index.
[2023-06-18 03:23:44.793] [jointLog] [info] done
[2023-06-18 03:23:44.849] [jointLog] [info] Index contained 117,201 targets
[2023-06-18 03:23:46.371] [jointLog] [info] Number of decoys : 66
[2023-06-18 03:23:46.371] [jointLog] [info] First decoy index : 117,096 
[2023-06-18 03:23:47.462] [jointLog] [info] Automatically detected most likely library type as IU

[2023-06-18 03:26:45.978] [fileLog] [info] 
At end of round 0
==================
Observed 25028134 total fragments (25028134 in most recent round)

[2023-06-18 03:26:45.978] [jointLog] [info] Computed 274,203 rich equivalence classes for further processing
[2023-06-18 03:26:45.978] [jointLog] [info] Counted 11,527,550 total reads in the equivalence classes 
[2023-06-18 03:26:45.982] [jointLog] [info] Number of mappings discarded because of alignment score : 5,851,092
[2023-06-18 03:26:45.982] [jointLog] [info] Number of fragments entirely discarded because of alignment score : 818,834
[2023-06-18 03:26:45.982] [jointLog] [info] Number of fragments discarded because they are best-mapped to decoys : 325,155
[2023-06-18 03:26:45.982] [jointLog] [info] Number of fragments discarded because they have only dovetail (discordant) mappings to valid targets : 254,381
[2023-06-18 03:26:45.982] [jointLog] [info] Mapping rate = 46.0584%

[2023-06-18 03:26:45.982] [jointLog] [info] finished quantifyLibrary()
[2023-06-18 03:26:46.062] [jointLog] [info] Starting optimizer
[2023-06-18 03:26:46.112] [jointLog] [info] Marked 0 weighted equivalence classes as degenerate
[2023-06-18 03:26:46.122] [jointLog] [info] iteration = 0 | max rel diff. = 7517.84
[2023-06-18 03:26:46.212] [jointLog] [info] iteration 11, adjusting effective lengths to account for biases
[2023-06-18 03:27:27.549] [jointLog] [info] Computed expected counts (for bias correction)
[2023-06-18 03:27:27.549] [jointLog] [info] processed bias for 0.2% of the transcripts
[2023-06-18 03:27:30.094] [jointLog] [info] processed bias for 10.0% of the transcripts
[2023-06-18 03:27:32.857] [jointLog] [info] processed bias for 20.0% of the transcripts
[2023-06-18 03:27:35.490] [jointLog] [info] processed bias for 30.0% of the transcripts
[2023-06-18 03:27:38.212] [jointLog] [info] processed bias for 40.0% of the transcripts
[2023-06-18 03:27:40.996] [jointLog] [info] processed bias for 50.0% of the transcripts
[2023-06-18 03:27:41.915] [jointLog] [info] processed bias for 60.0% of the transcripts
[2023-06-18 03:27:43.624] [jointLog] [info] processed bias for 70.0% of the transcripts
[2023-06-18 03:27:46.245] [jointLog] [info] processed bias for 80.0% of the transcripts
[2023-06-18 03:27:48.999] [jointLog] [info] processed bias for 90.0% of the transcripts
[2023-06-18 03:27:51.718] [jointLog] [info] processed bias for 100.0% of the transcripts
[2023-06-18 03:27:51.724] [jointLog] [info] processed bias for 100.0% of the transcripts
[2023-06-18 03:27:52.532] [jointLog] [info] iteration = 100 | max rel diff. = 20.9171
[2023-06-18 03:27:53.514] [jointLog] [info] iteration = 200 | max rel diff. = 12.2186
[2023-06-18 03:27:54.513] [jointLog] [info] iteration = 300 | max rel diff. = 8.90447
[2023-06-18 03:27:55.501] [jointLog] [info] iteration = 400 | max rel diff. = 1.27081
[2023-06-18 03:27:56.516] [jointLog] [info] iteration = 500 | max rel diff. = 0.880929
[2023-06-18 03:27:57.505] [jointLog] [info] iteration = 600 | max rel diff. = 1.01739
[2023-06-18 03:27:58.489] [jointLog] [info] iteration = 700 | max rel diff. = 0.0500331
[2023-06-18 03:27:59.470] [jointLog] [info] iteration = 800 | max rel diff. = 0.0947471
[2023-06-18 03:28:00.456] [jointLog] [info] iteration = 900 | max rel diff. = 0.0319436
[2023-06-18 03:28:01.467] [jointLog] [info] iteration = 1,000 | max rel diff. = 0.156291
[2023-06-18 03:28:02.468] [jointLog] [info] iteration = 1,100 | max rel diff. = 0.0175164
[2023-06-18 03:28:03.370] [jointLog] [info] iteration = 1,191 | max rel diff. = 0.00799823
[2023-06-18 03:28:03.381] [jointLog] [info] Finished optimizer
[2023-06-18 03:28:03.381] [jointLog] [info] writing output 

