[2023-06-18 00:11:24.174] [jointLog] [info] setting maxHashResizeThreads to 8
[2023-06-18 00:11:24.174] [jointLog] [info] Fragment incompatibility prior below threshold.  Incompatible fragments will be ignored.
[2023-06-18 00:11:24.174] [jointLog] [info] Usage of --validateMappings implies use of minScoreFraction. Since not explicitly specified, it is being set to 0.65
[2023-06-18 00:11:24.174] [jointLog] [info] Setting consensusSlack to selective-alignment default of 0.35.
[2023-06-18 00:11:24.174] [jointLog] [info] parsing read library format
[2023-06-18 00:11:24.174] [jointLog] [info] There is 1 library.
[2023-06-18 00:11:24.227] [jointLog] [info] Loading pufferfish index
[2023-06-18 00:11:24.229] [jointLog] [info] Loading dense pufferfish index.
[2023-06-18 00:11:54.576] [jointLog] [info] done
[2023-06-18 00:11:54.678] [jointLog] [info] Index contained 117,201 targets
[2023-06-18 00:11:56.540] [jointLog] [info] Number of decoys : 66
[2023-06-18 00:11:56.540] [jointLog] [info] First decoy index : 117,096 
[2023-06-18 00:11:57.995] [jointLog] [info] Automatically detected most likely library type as IU

[2023-06-18 00:14:44.382] [fileLog] [info] 
At end of round 0
==================
Observed 23003221 total fragments (23003221 in most recent round)

[2023-06-18 00:14:44.382] [jointLog] [info] Computed 277,820 rich equivalence classes for further processing
[2023-06-18 00:14:44.382] [jointLog] [info] Counted 20,608,849 total reads in the equivalence classes 
[2023-06-18 00:14:44.388] [jointLog] [info] Number of mappings discarded because of alignment score : 7,970,404
[2023-06-18 00:14:44.388] [jointLog] [info] Number of fragments entirely discarded because of alignment score : 1,032,950
[2023-06-18 00:14:44.388] [jointLog] [info] Number of fragments discarded because they are best-mapped to decoys : 571,520
[2023-06-18 00:14:44.388] [jointLog] [info] Number of fragments discarded because they have only dovetail (discordant) mappings to valid targets : 475,799
[2023-06-18 00:14:44.388] [jointLog] [info] Mapping rate = 89.5911%

[2023-06-18 00:14:44.388] [jointLog] [info] finished quantifyLibrary()
[2023-06-18 00:14:44.442] [jointLog] [info] Starting optimizer
[2023-06-18 00:14:44.509] [jointLog] [info] Marked 0 weighted equivalence classes as degenerate
[2023-06-18 00:14:44.521] [jointLog] [info] iteration = 0 | max rel diff. = 10229.8
[2023-06-18 00:14:44.631] [jointLog] [info] iteration 11, adjusting effective lengths to account for biases
[2023-06-18 00:15:20.274] [jointLog] [info] Computed expected counts (for bias correction)
[2023-06-18 00:15:20.274] [jointLog] [info] processed bias for 0.1% of the transcripts
[2023-06-18 00:15:22.399] [jointLog] [info] processed bias for 10.0% of the transcripts
[2023-06-18 00:15:24.753] [jointLog] [info] processed bias for 20.0% of the transcripts
[2023-06-18 00:15:27.154] [jointLog] [info] processed bias for 30.0% of the transcripts
[2023-06-18 00:15:29.461] [jointLog] [info] processed bias for 40.0% of the transcripts
[2023-06-18 00:15:31.847] [jointLog] [info] processed bias for 50.0% of the transcripts
[2023-06-18 00:15:33.160] [jointLog] [info] processed bias for 60.0% of the transcripts
[2023-06-18 00:15:34.000] [jointLog] [info] processed bias for 70.0% of the transcripts
[2023-06-18 00:15:36.317] [jointLog] [info] processed bias for 80.0% of the transcripts
[2023-06-18 00:15:38.623] [jointLog] [info] processed bias for 90.0% of the transcripts
[2023-06-18 00:15:40.962] [jointLog] [info] processed bias for 100.0% of the transcripts
[2023-06-18 00:15:41.922] [jointLog] [info] iteration = 100 | max rel diff. = 12.8065
[2023-06-18 00:15:42.959] [jointLog] [info] iteration = 200 | max rel diff. = 6.22466
[2023-06-18 00:15:44.155] [jointLog] [info] iteration = 300 | max rel diff. = 9.06903
[2023-06-18 00:15:45.380] [jointLog] [info] iteration = 400 | max rel diff. = 6.28777
[2023-06-18 00:15:46.549] [jointLog] [info] iteration = 500 | max rel diff. = 0.221035
[2023-06-18 00:15:47.808] [jointLog] [info] iteration = 600 | max rel diff. = 0.398418
[2023-06-18 00:15:49.006] [jointLog] [info] iteration = 700 | max rel diff. = 0.272956
[2023-06-18 00:15:50.273] [jointLog] [info] iteration = 800 | max rel diff. = 0.0274865
[2023-06-18 00:15:51.533] [jointLog] [info] iteration = 900 | max rel diff. = 0.112581
[2023-06-18 00:15:52.727] [jointLog] [info] iteration = 1,000 | max rel diff. = 0.0748109
[2023-06-18 00:15:53.952] [jointLog] [info] iteration = 1,100 | max rel diff. = 0.0149239
[2023-06-18 00:15:55.220] [jointLog] [info] iteration = 1,200 | max rel diff. = 0.0769727
[2023-06-18 00:15:56.476] [jointLog] [info] iteration = 1,300 | max rel diff. = 0.0414503
[2023-06-18 00:15:57.684] [jointLog] [info] iteration = 1,400 | max rel diff. = 0.0177832
[2023-06-18 00:15:58.917] [jointLog] [info] iteration = 1,500 | max rel diff. = 0.469204
[2023-06-18 00:16:00.121] [jointLog] [info] iteration = 1,600 | max rel diff. = 0.0177516
[2023-06-18 00:16:00.848] [jointLog] [info] iteration = 1,659 | max rel diff. = 0.00744005
[2023-06-18 00:16:00.857] [jointLog] [info] Finished optimizer
[2023-06-18 00:16:00.857] [jointLog] [info] writing output 

