[2023-03-31 15:43:46.670] [jointLog] [info] setting maxHashResizeThreads to 8
[2023-03-31 15:43:46.670] [jointLog] [info] Fragment incompatibility prior below threshold.  Incompatible fragments will be ignored.
[2023-03-31 15:43:46.670] [jointLog] [info] Usage of --validateMappings implies use of minScoreFraction. Since not explicitly specified, it is being set to 0.65
[2023-03-31 15:43:46.670] [jointLog] [info] Setting consensusSlack to selective-alignment default of 0.35.
[2023-03-31 15:43:46.670] [jointLog] [info] parsing read library format
[2023-03-31 15:43:46.670] [jointLog] [info] There is 1 library.
[2023-03-31 15:43:46.784] [jointLog] [info] Loading pufferfish index
[2023-03-31 15:43:46.819] [jointLog] [info] Loading dense pufferfish index.
[2023-03-31 15:44:15.499] [jointLog] [info] done
[2023-03-31 15:44:15.614] [jointLog] [info] Index contained 117,201 targets
[2023-03-31 15:44:16.989] [jointLog] [info] Number of decoys : 66
[2023-03-31 15:44:16.989] [jointLog] [info] First decoy index : 117,096 
[2023-03-31 15:44:17.005] [jointLog] [warning] Fragment GC bias correction is currently *experimental* in single-end libraries.  Please use this option with caution.
[2023-03-31 15:44:17.452] [jointLog] [info] Automatically detected most likely library type as U

[2023-03-31 15:45:08.518] [jointLog] [info] Computed 230,518 rich equivalence classes for further processing
[2023-03-31 15:45:08.518] [jointLog] [info] Counted 9,163,392 total reads in the equivalence classes 
[2023-03-31 15:45:08.525] [jointLog] [info] Number of mappings discarded because of alignment score : 4,831,945
[2023-03-31 15:45:08.525] [jointLog] [info] Number of fragments entirely discarded because of alignment score : 278,450
[2023-03-31 15:45:08.525] [jointLog] [info] Number of fragments discarded because they are best-mapped to decoys : 121,801
[2023-03-31 15:45:08.525] [jointLog] [info] Number of fragments discarded because they have only dovetail (discordant) mappings to valid targets : 0
[2023-03-31 15:45:08.525] [jointLog] [info] Mapping rate = 92.5446%

[2023-03-31 15:45:08.525] [jointLog] [info] finished quantifyLibrary()
[2023-03-31 15:45:08.557] [jointLog] [info] Starting optimizer
[2023-03-31 15:45:08.631] [jointLog] [info] Marked 0 weighted equivalence classes as degenerate
[2023-03-31 15:45:08.643] [jointLog] [info] iteration = 0 | max rel diff. = 6375.21
[2023-03-31 15:45:08.757] [jointLog] [info] iteration 11, adjusting effective lengths to account for biases
[2023-03-31 15:45:08.519] [fileLog] [info] 
At end of round 0
==================
Observed 9901600 total fragments (9901600 in most recent round)

[2023-03-31 15:45:21.432] [jointLog] [info] Computed expected counts (for bias correction)
[2023-03-31 15:45:21.432] [jointLog] [info] processed bias for 0.1% of the transcripts
[2023-03-31 15:45:22.274] [jointLog] [info] processed bias for 10.0% of the transcripts
[2023-03-31 15:45:23.210] [jointLog] [info] processed bias for 20.0% of the transcripts
[2023-03-31 15:45:24.113] [jointLog] [info] processed bias for 30.0% of the transcripts
[2023-03-31 15:45:25.055] [jointLog] [info] processed bias for 40.0% of the transcripts
[2023-03-31 15:45:25.913] [jointLog] [info] processed bias for 50.0% of the transcripts
[2023-03-31 15:45:26.270] [jointLog] [info] processed bias for 60.0% of the transcripts
[2023-03-31 15:45:26.824] [jointLog] [info] processed bias for 70.0% of the transcripts
[2023-03-31 15:45:27.751] [jointLog] [info] processed bias for 80.0% of the transcripts
[2023-03-31 15:45:28.622] [jointLog] [info] processed bias for 90.0% of the transcripts
[2023-03-31 15:45:29.540] [jointLog] [info] processed bias for 100.0% of the transcripts
[2023-03-31 15:45:29.541] [jointLog] [info] processed bias for 100.0% of the transcripts
[2023-03-31 15:45:30.528] [jointLog] [info] iteration = 100 | max rel diff. = 17.8065
[2023-03-31 15:45:31.676] [jointLog] [info] iteration = 200 | max rel diff. = 20.1851
[2023-03-31 15:45:32.786] [jointLog] [info] iteration = 300 | max rel diff. = 3.27034
[2023-03-31 15:45:33.883] [jointLog] [info] iteration = 400 | max rel diff. = 20.2583
[2023-03-31 15:45:34.980] [jointLog] [info] iteration = 500 | max rel diff. = 0.154586
[2023-03-31 15:45:36.090] [jointLog] [info] iteration = 600 | max rel diff. = 0.102022
[2023-03-31 15:45:37.201] [jointLog] [info] iteration = 700 | max rel diff. = 0.175105
[2023-03-31 15:45:38.299] [jointLog] [info] iteration = 800 | max rel diff. = 10.1159
[2023-03-31 15:45:39.399] [jointLog] [info] iteration = 900 | max rel diff. = 0.493852
[2023-03-31 15:45:40.496] [jointLog] [info] iteration = 1,000 | max rel diff. = 0.30687
[2023-03-31 15:45:41.605] [jointLog] [info] iteration = 1,100 | max rel diff. = 0.039347
[2023-03-31 15:45:42.697] [jointLog] [info] iteration = 1,200 | max rel diff. = 0.0182779
[2023-03-31 15:45:43.788] [jointLog] [info] iteration = 1,300 | max rel diff. = 0.0448585
[2023-03-31 15:45:44.879] [jointLog] [info] iteration = 1,400 | max rel diff. = 0.0155104
[2023-03-31 15:45:45.994] [jointLog] [info] iteration = 1,500 | max rel diff. = 0.0377414
[2023-03-31 15:45:46.680] [jointLog] [info] iteration = 1,561 | max rel diff. = 0.00535205
[2023-03-31 15:45:46.691] [jointLog] [info] Finished optimizer
[2023-03-31 15:45:46.691] [jointLog] [info] writing output 

