[2023-06-18 02:40:08.885] [jointLog] [info] setting maxHashResizeThreads to 8
[2023-06-18 02:40:08.885] [jointLog] [info] Fragment incompatibility prior below threshold.  Incompatible fragments will be ignored.
[2023-06-18 02:40:08.885] [jointLog] [info] Usage of --validateMappings implies use of minScoreFraction. Since not explicitly specified, it is being set to 0.65
[2023-06-18 02:40:08.885] [jointLog] [info] Setting consensusSlack to selective-alignment default of 0.35.
[2023-06-18 02:40:08.885] [jointLog] [info] parsing read library format
[2023-06-18 02:40:08.885] [jointLog] [info] There is 1 library.
[2023-06-18 02:40:08.916] [jointLog] [info] Loading pufferfish index
[2023-06-18 02:40:08.917] [jointLog] [info] Loading dense pufferfish index.
[2023-06-18 02:40:35.127] [jointLog] [info] done
[2023-06-18 02:40:35.188] [jointLog] [info] Index contained 117,201 targets
[2023-06-18 02:40:36.702] [jointLog] [info] Number of decoys : 66
[2023-06-18 02:40:36.702] [jointLog] [info] First decoy index : 117,096 
[2023-06-18 02:40:37.405] [jointLog] [info] Automatically detected most likely library type as IU

[2023-06-18 02:43:44.608] [jointLog] [info] Computed 292,212 rich equivalence classes for further processing
[2023-06-18 02:43:44.608] [jointLog] [info] Counted 22,563,524 total reads in the equivalence classes 
[2023-06-18 02:43:44.615] [jointLog] [info] Number of mappings discarded because of alignment score : 8,513,833
[2023-06-18 02:43:44.615] [jointLog] [info] Number of fragments entirely discarded because of alignment score : 1,215,655
[2023-06-18 02:43:44.615] [jointLog] [info] Number of fragments discarded because they are best-mapped to decoys : 708,206
[2023-06-18 02:43:44.615] [jointLog] [info] Number of fragments discarded because they have only dovetail (discordant) mappings to valid targets : 377,505
[2023-06-18 02:43:44.615] [jointLog] [info] Mapping rate = 88.0692%

[2023-06-18 02:43:44.615] [jointLog] [info] finished quantifyLibrary()
[2023-06-18 02:43:44.682] [jointLog] [info] Starting optimizer
[2023-06-18 02:43:44.753] [jointLog] [info] Marked 0 weighted equivalence classes as degenerate
[2023-06-18 02:43:44.764] [jointLog] [info] iteration = 0 | max rel diff. = 10373.7
[2023-06-18 02:43:44.870] [jointLog] [info] iteration 11, adjusting effective lengths to account for biases
[2023-06-18 02:43:44.609] [fileLog] [info] 
At end of round 0
==================
Observed 25620217 total fragments (25620217 in most recent round)

[2023-06-18 02:44:22.177] [jointLog] [info] Computed expected counts (for bias correction)
[2023-06-18 02:44:22.177] [jointLog] [info] processed bias for 0.1% of the transcripts
[2023-06-18 02:44:24.418] [jointLog] [info] processed bias for 10.0% of the transcripts
[2023-06-18 02:44:26.790] [jointLog] [info] processed bias for 20.0% of the transcripts
[2023-06-18 02:44:29.327] [jointLog] [info] processed bias for 30.0% of the transcripts
[2023-06-18 02:44:31.693] [jointLog] [info] processed bias for 40.0% of the transcripts
[2023-06-18 02:44:32.376] [jointLog] [info] processed bias for 50.0% of the transcripts
[2023-06-18 02:44:34.048] [jointLog] [info] processed bias for 60.0% of the transcripts
[2023-06-18 02:44:36.528] [jointLog] [info] processed bias for 70.0% of the transcripts
[2023-06-18 02:44:38.930] [jointLog] [info] processed bias for 80.0% of the transcripts
[2023-06-18 02:44:41.368] [jointLog] [info] processed bias for 90.0% of the transcripts
[2023-06-18 02:44:43.891] [jointLog] [info] processed bias for 100.0% of the transcripts
[2023-06-18 02:44:44.806] [jointLog] [info] iteration = 100 | max rel diff. = 13.8638
[2023-06-18 02:44:45.719] [jointLog] [info] iteration = 200 | max rel diff. = 8.59854
[2023-06-18 02:44:46.638] [jointLog] [info] iteration = 300 | max rel diff. = 0.864464
[2023-06-18 02:44:47.553] [jointLog] [info] iteration = 400 | max rel diff. = 12.0768
[2023-06-18 02:44:48.454] [jointLog] [info] iteration = 500 | max rel diff. = 0.47965
[2023-06-18 02:44:49.387] [jointLog] [info] iteration = 600 | max rel diff. = 0.567527
[2023-06-18 02:44:50.329] [jointLog] [info] iteration = 700 | max rel diff. = 16.2413
[2023-06-18 02:44:51.231] [jointLog] [info] iteration = 800 | max rel diff. = 3.98507
[2023-06-18 02:44:52.146] [jointLog] [info] iteration = 900 | max rel diff. = 3.55523
[2023-06-18 02:44:53.131] [jointLog] [info] iteration = 1,000 | max rel diff. = 0.597495
[2023-06-18 02:44:54.063] [jointLog] [info] iteration = 1,100 | max rel diff. = 0.537885
[2023-06-18 02:44:54.968] [jointLog] [info] iteration = 1,200 | max rel diff. = 0.195624
[2023-06-18 02:44:55.871] [jointLog] [info] iteration = 1,300 | max rel diff. = 0.0274815
[2023-06-18 02:44:56.850] [jointLog] [info] iteration = 1,400 | max rel diff. = 0.0564446
[2023-06-18 02:44:57.935] [jointLog] [info] iteration = 1,500 | max rel diff. = 0.0233433
[2023-06-18 02:44:59.042] [jointLog] [info] iteration = 1,600 | max rel diff. = 0.367369
[2023-06-18 02:44:59.839] [jointLog] [info] iteration = 1,674 | max rel diff. = 0.00442571
[2023-06-18 02:44:59.850] [jointLog] [info] Finished optimizer
[2023-06-18 02:44:59.850] [jointLog] [info] writing output 

