[2023-03-31 15:19:30.570] [jointLog] [info] setting maxHashResizeThreads to 8
[2023-03-31 15:19:30.570] [jointLog] [info] Fragment incompatibility prior below threshold.  Incompatible fragments will be ignored.
[2023-03-31 15:19:30.570] [jointLog] [info] Usage of --validateMappings implies use of minScoreFraction. Since not explicitly specified, it is being set to 0.65
[2023-03-31 15:19:30.570] [jointLog] [info] Setting consensusSlack to selective-alignment default of 0.35.
[2023-03-31 15:19:30.570] [jointLog] [info] parsing read library format
[2023-03-31 15:19:30.570] [jointLog] [info] There is 1 library.
[2023-03-31 15:19:30.836] [jointLog] [info] Loading pufferfish index
[2023-03-31 15:19:30.924] [jointLog] [info] Loading dense pufferfish index.
[2023-03-31 15:21:21.235] [jointLog] [info] done
[2023-03-31 15:21:21.305] [jointLog] [info] Index contained 117,201 targets
[2023-03-31 15:21:22.620] [jointLog] [info] Number of decoys : 66
[2023-03-31 15:21:22.620] [jointLog] [info] First decoy index : 117,096 
[2023-03-31 15:21:22.635] [jointLog] [warning] Fragment GC bias correction is currently *experimental* in single-end libraries.  Please use this option with caution.
[2023-03-31 15:21:23.090] [jointLog] [info] Automatically detected most likely library type as U

[2023-03-31 15:22:30.700] [fileLog] [info] 
At end of round 0
==================
Observed 10980252 total fragments (10980252 in most recent round)

[2023-03-31 15:22:30.700] [jointLog] [info] Computed 241,014 rich equivalence classes for further processing
[2023-03-31 15:22:30.700] [jointLog] [info] Counted 9,693,271 total reads in the equivalence classes 
[2023-03-31 15:22:30.706] [jointLog] [info] Number of mappings discarded because of alignment score : 6,718,016
[2023-03-31 15:22:30.706] [jointLog] [info] Number of fragments entirely discarded because of alignment score : 535,279
[2023-03-31 15:22:30.706] [jointLog] [info] Number of fragments discarded because they are best-mapped to decoys : 149,990
[2023-03-31 15:22:30.706] [jointLog] [info] Number of fragments discarded because they have only dovetail (discordant) mappings to valid targets : 0
[2023-03-31 15:22:30.706] [jointLog] [info] Mapping rate = 88.2791%

[2023-03-31 15:22:30.706] [jointLog] [info] finished quantifyLibrary()
[2023-03-31 15:22:30.781] [jointLog] [info] Starting optimizer
[2023-03-31 15:22:30.849] [jointLog] [info] Marked 0 weighted equivalence classes as degenerate
[2023-03-31 15:22:30.863] [jointLog] [info] iteration = 0 | max rel diff. = 6535.47
[2023-03-31 15:22:30.989] [jointLog] [info] iteration 11, adjusting effective lengths to account for biases
[2023-03-31 15:22:42.854] [jointLog] [info] Computed expected counts (for bias correction)
[2023-03-31 15:22:42.854] [jointLog] [info] processed bias for 0.0% of the transcripts
[2023-03-31 15:22:43.626] [jointLog] [info] processed bias for 10.0% of the transcripts
[2023-03-31 15:22:44.486] [jointLog] [info] processed bias for 20.0% of the transcripts
[2023-03-31 15:22:45.341] [jointLog] [info] processed bias for 30.0% of the transcripts
[2023-03-31 15:22:46.223] [jointLog] [info] processed bias for 40.0% of the transcripts
[2023-03-31 15:22:47.101] [jointLog] [info] processed bias for 50.0% of the transcripts
[2023-03-31 15:22:47.966] [jointLog] [info] processed bias for 60.0% of the transcripts
[2023-03-31 15:22:48.833] [jointLog] [info] processed bias for 70.0% of the transcripts
[2023-03-31 15:22:49.477] [jointLog] [info] processed bias for 80.0% of the transcripts
[2023-03-31 15:22:49.830] [jointLog] [info] processed bias for 90.0% of the transcripts
[2023-03-31 15:22:50.455] [jointLog] [info] processed bias for 100.0% of the transcripts
[2023-03-31 15:22:50.457] [jointLog] [info] processed bias for 100.0% of the transcripts
[2023-03-31 15:22:51.445] [jointLog] [info] iteration = 100 | max rel diff. = 16.1736
[2023-03-31 15:22:52.526] [jointLog] [info] iteration = 200 | max rel diff. = 8.25111
[2023-03-31 15:22:53.610] [jointLog] [info] iteration = 300 | max rel diff. = 0.532396
[2023-03-31 15:22:54.697] [jointLog] [info] iteration = 400 | max rel diff. = 1.6913
[2023-03-31 15:22:55.782] [jointLog] [info] iteration = 500 | max rel diff. = 4.58716
[2023-03-31 15:22:56.880] [jointLog] [info] iteration = 600 | max rel diff. = 0.429949
[2023-03-31 15:22:57.963] [jointLog] [info] iteration = 700 | max rel diff. = 0.711425
[2023-03-31 15:22:59.063] [jointLog] [info] iteration = 800 | max rel diff. = 0.0907651
[2023-03-31 15:23:00.154] [jointLog] [info] iteration = 900 | max rel diff. = 1.31465
[2023-03-31 15:23:01.254] [jointLog] [info] iteration = 1,000 | max rel diff. = 0.120674
[2023-03-31 15:23:02.333] [jointLog] [info] iteration = 1,100 | max rel diff. = 0.0682913
[2023-03-31 15:23:03.413] [jointLog] [info] iteration = 1,200 | max rel diff. = 0.0224475
[2023-03-31 15:23:04.499] [jointLog] [info] iteration = 1,300 | max rel diff. = 0.0754498
[2023-03-31 15:23:05.621] [jointLog] [info] iteration = 1,400 | max rel diff. = 0.235602
[2023-03-31 15:23:05.839] [jointLog] [info] iteration = 1,421 | max rel diff. = 0.0096812
[2023-03-31 15:23:05.848] [jointLog] [info] Finished optimizer
[2023-03-31 15:23:05.848] [jointLog] [info] writing output 

