[2023-06-18 01:29:36.261] [jointLog] [info] setting maxHashResizeThreads to 8
[2023-06-18 01:29:36.262] [jointLog] [info] Fragment incompatibility prior below threshold.  Incompatible fragments will be ignored.
[2023-06-18 01:29:36.262] [jointLog] [info] Usage of --validateMappings implies use of minScoreFraction. Since not explicitly specified, it is being set to 0.65
[2023-06-18 01:29:36.262] [jointLog] [info] Setting consensusSlack to selective-alignment default of 0.35.
[2023-06-18 01:29:36.262] [jointLog] [info] parsing read library format
[2023-06-18 01:29:36.262] [jointLog] [info] There is 1 library.
[2023-06-18 01:29:36.325] [jointLog] [info] Loading pufferfish index
[2023-06-18 01:29:36.326] [jointLog] [info] Loading dense pufferfish index.
[2023-06-18 01:30:02.696] [jointLog] [info] done
[2023-06-18 01:30:02.789] [jointLog] [info] Index contained 117,201 targets
[2023-06-18 01:30:04.301] [jointLog] [info] Number of decoys : 66
[2023-06-18 01:30:04.301] [jointLog] [info] First decoy index : 117,096 
[2023-06-18 01:30:05.695] [jointLog] [info] Automatically detected most likely library type as IU

[2023-06-18 01:32:30.779] [fileLog] [info] 
At end of round 0
==================
Observed 18421125 total fragments (18421125 in most recent round)

[2023-06-18 01:32:30.778] [jointLog] [info] Computed 264,103 rich equivalence classes for further processing
[2023-06-18 01:32:30.778] [jointLog] [info] Counted 16,128,010 total reads in the equivalence classes 
[2023-06-18 01:32:30.786] [jointLog] [info] Number of mappings discarded because of alignment score : 6,640,313
[2023-06-18 01:32:30.786] [jointLog] [info] Number of fragments entirely discarded because of alignment score : 906,744
[2023-06-18 01:32:30.786] [jointLog] [info] Number of fragments discarded because they are best-mapped to decoys : 509,871
[2023-06-18 01:32:30.786] [jointLog] [info] Number of fragments discarded because they have only dovetail (discordant) mappings to valid targets : 376,423
[2023-06-18 01:32:30.786] [jointLog] [info] Mapping rate = 87.5517%

[2023-06-18 01:32:30.786] [jointLog] [info] finished quantifyLibrary()
[2023-06-18 01:32:30.853] [jointLog] [info] Starting optimizer
[2023-06-18 01:32:32.763] [jointLog] [info] Marked 0 weighted equivalence classes as degenerate
[2023-06-18 01:32:32.775] [jointLog] [info] iteration = 0 | max rel diff. = 9256.62
[2023-06-18 01:32:32.893] [jointLog] [info] iteration 11, adjusting effective lengths to account for biases
[2023-06-18 01:33:08.017] [jointLog] [info] Computed expected counts (for bias correction)
[2023-06-18 01:33:08.017] [jointLog] [info] processed bias for 0.0% of the transcripts
[2023-06-18 01:33:10.138] [jointLog] [info] processed bias for 10.0% of the transcripts
[2023-06-18 01:33:12.455] [jointLog] [info] processed bias for 20.0% of the transcripts
[2023-06-18 01:33:14.756] [jointLog] [info] processed bias for 30.0% of the transcripts
[2023-06-18 01:33:17.031] [jointLog] [info] processed bias for 40.0% of the transcripts
[2023-06-18 01:33:19.347] [jointLog] [info] processed bias for 50.0% of the transcripts
[2023-06-18 01:33:21.667] [jointLog] [info] processed bias for 60.0% of the transcripts
[2023-06-18 01:33:23.489] [jointLog] [info] processed bias for 70.0% of the transcripts
[2023-06-18 01:33:24.407] [jointLog] [info] processed bias for 80.0% of the transcripts
[2023-06-18 01:33:25.978] [jointLog] [info] processed bias for 90.0% of the transcripts
[2023-06-18 01:33:28.301] [jointLog] [info] processed bias for 100.0% of the transcripts
[2023-06-18 01:33:28.303] [jointLog] [info] processed bias for 100.0% of the transcripts
[2023-06-18 01:33:29.268] [jointLog] [info] iteration = 100 | max rel diff. = 12.312
[2023-06-18 01:33:30.254] [jointLog] [info] iteration = 200 | max rel diff. = 7.42297
[2023-06-18 01:33:31.332] [jointLog] [info] iteration = 300 | max rel diff. = 0.404612
[2023-06-18 01:33:32.469] [jointLog] [info] iteration = 400 | max rel diff. = 0.151773
[2023-06-18 01:33:33.684] [jointLog] [info] iteration = 500 | max rel diff. = 0.905693
[2023-06-18 01:33:34.923] [jointLog] [info] iteration = 600 | max rel diff. = 0.150211
[2023-06-18 01:33:36.194] [jointLog] [info] iteration = 700 | max rel diff. = 1.69503
[2023-06-18 01:33:37.361] [jointLog] [info] iteration = 800 | max rel diff. = 0.206396
[2023-06-18 01:33:38.627] [jointLog] [info] iteration = 900 | max rel diff. = 0.0763543
[2023-06-18 01:33:39.896] [jointLog] [info] iteration = 1,000 | max rel diff. = 2.0668
[2023-06-18 01:33:41.129] [jointLog] [info] iteration = 1,100 | max rel diff. = 0.0704449
[2023-06-18 01:33:42.348] [jointLog] [info] iteration = 1,200 | max rel diff. = 0.0184483
[2023-06-18 01:33:43.511] [jointLog] [info] iteration = 1,300 | max rel diff. = 0.0808371
[2023-06-18 01:33:44.748] [jointLog] [info] iteration = 1,400 | max rel diff. = 0.330356
[2023-06-18 01:33:44.884] [jointLog] [info] iteration = 1,412 | max rel diff. = 0.00804396
[2023-06-18 01:33:44.893] [jointLog] [info] Finished optimizer
[2023-06-18 01:33:44.893] [jointLog] [info] writing output 

